[2019-06-07 00:24:40] local.ERROR: Impossible to create the root directory "E:\CATO\SEMESTRE 2019 01\Nuevas Tecnicas de programación\payfood\storage\app\E:/CATO/SEMESTRE 2019 01/Nuevas Tecnicas de programación/payfood/public/images".  {"exception":"[object] (League\\Flysystem\\Exception(code: 0): Impossible to create the root directory \"E:\\CATO\\SEMESTRE 2019 01\\Nuevas Tecnicas de programación\\payfood\\storage\\app\\E:/CATO/SEMESTRE 2019 01/Nuevas Tecnicas de programación/payfood/public/images\".  at E:\\CATO\\SEMESTRE 2019 01\\Nuevas Tecnicas de programación\\payfood\\vendor\\league\\flysystem\\src\\Adapter\\Local.php:113)
[stacktrace]
#0 E:\\CATO\\SEMESTRE 2019 01\\Nuevas Tecnicas de programación\\payfood\\vendor\\league\\flysystem\\src\\Adapter\\Local.php(157): League\\Flysystem\\Adapter\\Local->ensureDirectory('E:\\\\CATO\\\\SEMESTR...')
#1 E:\\CATO\\SEMESTRE 2019 01\\Nuevas Tecnicas de programación\\payfood\\vendor\\league\\flysystem\\src\\Filesystem.php(122): League\\Flysystem\\Adapter\\Local->writeStream('E:/CATO/SEMESTR...', Resource id #346, Object(League\\Flysystem\\Config))
#2 E:\\CATO\\SEMESTRE 2019 01\\Nuevas Tecnicas de programación\\payfood\\vendor\\laravel\\framework\\src\\Illuminate\\Filesystem\\FilesystemAdapter.php(198): League\\Flysystem\\Filesystem->putStream('E:/CATO/SEMESTR...', Resource id #346, Object(League\\Flysystem\\Config))
#3 E:\\CATO\\SEMESTRE 2019 01\\Nuevas Tecnicas de programación\\payfood\\vendor\\laravel\\framework\\src\\Illuminate\\Filesystem\\FilesystemAdapter.php(232): Illuminate\\Filesystem\\FilesystemAdapter->put('E:\\\\CATO\\\\SEMESTR...', Resource id #346, Array)
#4 E:\\CATO\\SEMESTRE 2019 01\\Nuevas Tecnicas de programación\\payfood\\vendor\\laravel\\framework\\src\\Illuminate\\Filesystem\\FilesystemManager.php(399): Illuminate\\Filesystem\\FilesystemAdapter->putFileAs('E:\\\\CATO\\\\SEMESTR...', Object(Illuminate\\Http\\UploadedFile), '5.jpg')
#5 E:\\CATO\\SEMESTRE 2019 01\\Nuevas Tecnicas de programación\\payfood\\vendor\\laravel\\framework\\src\\Illuminate\\Support\\Facades\\Facade.php(237): Illuminate\\Filesystem\\FilesystemManager->__call('putFileAs', Array)
#6 E:\\CATO\\SEMESTRE 2019 01\\Nuevas Tecnicas de programación\\payfood\\app\\Http\\Controllers\\platoController.php(32): Illuminate\\Support\\Facades\\Facade::__callStatic('putFileAs', Array)
#7 [internal function]: App\\Http\\Controllers\\platoController->store(Object(Illuminate\\Http\\Request))
#8 E:\\CATO\\SEMESTRE 2019 01\\Nuevas Tecnicas de programación\\payfood\\vendor\\laravel\\framework\\src\\Illuminate\\Routing\\Controller.php(54): call_user_func_array(Array, Array)
#9 E:\\CATO\\SEMESTRE 2019 01\\Nuevas Tecnicas de programación\\payfood\\vendor\\laravel\\framework\\src\\Illuminate\\Routing\\ControllerDispatcher.php(45): Illuminate\\Routing\\Controller->callAction('store', Array)
#10 E:\\CATO\\SEMESTRE 2019 01\\Nuevas Tecnicas de programación\\payfood\\vendor\\laravel\\framework\\src\\Illuminate\\Routing\\Route.php(219): Illuminate\\Routing\\ControllerDispatcher->dispatch(Object(Illuminate\\Routing\\Route), Object(App\\Http\\Controllers\\platoController), 'store')
#11 E:\\CATO\\SEMESTRE 2019 01\\Nuevas Tecnicas de programación\\payfood\\vendor\\laravel\\framework\\src\\Illuminate\\Routing\\Route.php(176): Illuminate\\Routing\\Route->runController()
#12 E:\\CATO\\SEMESTRE 2019 01\\Nuevas Tecnicas de programación\\payfood\\vendor\\laravel\\framework\\src\\Illuminate\\Routing\\Router.php(680): Illuminate\\Routing\\Route->run()
#13 E:\\CATO\\SEMESTRE 2019 01\\Nuevas Tecnicas de programación\\payfood\\vendor\\laravel\\framework\\src\\Illuminate\\Routing\\Pipeline.php(30): Illuminate\\Routing\\Router->Illuminate\\Routing\\{closure}(Object(Illuminate\\Http\\Request))
#14 E:\\CATO\\SEMESTRE 2019 01\\Nuevas Tecnicas de programación\\payfood\\vendor\\laravel\\framework\\src\\Illuminate\\Routing\\Middleware\\SubstituteBindings.php(41): Illuminate\\Routing\\Pipeline->Illuminate\\Routing\\{closure}(Object(Illuminate\\Http\\Request))
#15 E:\\CATO\\SEMESTRE 2019 01\\Nuevas Tecnicas de programación\\payfood\\vendor\\laravel\\framework\\src\\Illuminate\\Pipeline\\Pipeline.php(163): Illuminate\\Routing\\Middleware\\SubstituteBindings->handle(Object(Illuminate\\Http\\Request), Object(Closure))
#16 E:\\CATO\\SEMESTRE 2019 01\\Nuevas Tecnicas de programación\\payfood\\vendor\\laravel\\framework\\src\\Illuminate\\Routing\\Pipeline.php(53): Illuminate\\Pipeline\\Pipeline->Illuminate\\Pipeline\\{closure}(Object(Illuminate\\Http\\Request))
#17 E:\\CATO\\SEMESTRE 2019 01\\Nuevas Tecnicas de programación\\payfood\\vendor\\laravel\\framework\\src\\Illuminate\\Foundation\\Http\\Middleware\\VerifyCsrfToken.php(75): Illuminate\\Routing\\Pipeline->Illuminate\\Routing\\{closure}(Object(Illuminate\\Http\\Request))
#18 E:\\CATO\\SEMESTRE 2019 01\\Nuevas Tecnicas de programación\\payfood\\vendor\\laravel\\framework\\src\\Illuminate\\Pipeline\\Pipeline.php(163): Illuminate\\Foundation\\Http\\Middleware\\VerifyCsrfToken->handle(Object(Illuminate\\Http\\Request), Object(Closure))
#19 E:\\CATO\\SEMESTRE 2019 01\\Nuevas Tecnicas de programación\\payfood\\vendor\\laravel\\framework\\src\\Illuminate\\Routing\\Pipeline.php(53): Illuminate\\Pipeline\\Pipeline->Illuminate\\Pipeline\\{closure}(Object(Illuminate\\Http\\Request))
#20 E:\\CATO\\SEMESTRE 2019 01\\Nuevas Tecnicas de programación\\payfood\\vendor\\laravel\\framework\\src\\Illuminate\\View\\Middleware\\ShareErrorsFromSession.php(49): Illuminate\\Routing\\Pipeline->Illuminate\\Routing\\{closure}(Object(Illuminate\\Http\\Request))
#21 E:\\CATO\\SEMESTRE 2019 01\\Nuevas Tecnicas de programación\\payfood\\vendor\\laravel\\framework\\src\\Illuminate\\Pipeline\\Pipeline.php(163): Illuminate\\View\\Middleware\\ShareErrorsFromSession->handle(Object(Illuminate\\Http\\Request), Object(Closure))
#22 E:\\CATO\\SEMESTRE 2019 01\\Nuevas Tecnicas de programación\\payfood\\vendor\\laravel\\framework\\src\\Illuminate\\Routing\\Pipeline.php(53): Illuminate\\Pipeline\\Pipeline->Illuminate\\Pipeline\\{closure}(Object(Illuminate\\Http\\Request))
#23 E:\\CATO\\SEMESTRE 2019 01\\Nuevas Tecnicas de programación\\payfood\\vendor\\laravel\\framework\\src\\Illuminate\\Session\\Middleware\\StartSession.php(56): Illuminate\\Routing\\Pipeline->Illuminate\\Routing\\{closure}(Object(Illuminate\\Http\\Request))
#24 E:\\CATO\\SEMESTRE 2019 01\\Nuevas Tecnicas de programación\\payfood\\vendor\\laravel\\framework\\src\\Illuminate\\Pipeline\\Pipeline.php(163): Illuminate\\Session\\Middleware\\StartSession->handle(Object(Illuminate\\Http\\Request), Object(Closure))
#25 E:\\CATO\\SEMESTRE 2019 01\\Nuevas Tecnicas de programación\\payfood\\vendor\\laravel\\framework\\src\\Illuminate\\Routing\\Pipeline.php(53): Illuminate\\Pipeline\\Pipeline->Illuminate\\Pipeline\\{closure}(Object(Illuminate\\Http\\Request))
#26 E:\\CATO\\SEMESTRE 2019 01\\Nuevas Tecnicas de programación\\payfood\\vendor\\laravel\\framework\\src\\Illuminate\\Cookie\\Middleware\\AddQueuedCookiesToResponse.php(37): Illuminate\\Routing\\Pipeline->Illuminate\\Routing\\{closure}(Object(Illuminate\\Http\\Request))
#27 E:\\CATO\\SEMESTRE 2019 01\\Nuevas Tecnicas de programación\\payfood\\vendor\\laravel\\framework\\src\\Illuminate\\Pipeline\\Pipeline.php(163): Illuminate\\Cookie\\Middleware\\AddQueuedCookiesToResponse->handle(Object(Illuminate\\Http\\Request), Object(Closure))
#28 E:\\CATO\\SEMESTRE 2019 01\\Nuevas Tecnicas de programación\\payfood\\vendor\\laravel\\framework\\src\\Illuminate\\Routing\\Pipeline.php(53): Illuminate\\Pipeline\\Pipeline->Illuminate\\Pipeline\\{closure}(Object(Illuminate\\Http\\Request))
#29 E:\\CATO\\SEMESTRE 2019 01\\Nuevas Tecnicas de programación\\payfood\\vendor\\laravel\\framework\\src\\Illuminate\\Cookie\\Middleware\\EncryptCookies.php(66): Illuminate\\Routing\\Pipeline->Illuminate\\Routing\\{closure}(Object(Illuminate\\Http\\Request))
#30 E:\\CATO\\SEMESTRE 2019 01\\Nuevas Tecnicas de programación\\payfood\\vendor\\laravel\\framework\\src\\Illuminate\\Pipeline\\Pipeline.php(163): Illuminate\\Cookie\\Middleware\\EncryptCookies->handle(Object(Illuminate\\Http\\Request), Object(Closure))
#31 E:\\CATO\\SEMESTRE 2019 01\\Nuevas Tecnicas de programación\\payfood\\vendor\\laravel\\framework\\src\\Illuminate\\Routing\\Pipeline.php(53): Illuminate\\Pipeline\\Pipeline->Illuminate\\Pipeline\\{closure}(Object(Illuminate\\Http\\Request))
#32 E:\\CATO\\SEMESTRE 2019 01\\Nuevas Tecnicas de programación\\payfood\\vendor\\laravel\\framework\\src\\Illuminate\\Pipeline\\Pipeline.php(104): Illuminate\\Routing\\Pipeline->Illuminate\\Routing\\{closure}(Object(Illuminate\\Http\\Request))
#33 E:\\CATO\\SEMESTRE 2019 01\\Nuevas Tecnicas de programación\\payfood\\vendor\\laravel\\framework\\src\\Illuminate\\Routing\\Router.php(682): Illuminate\\Pipeline\\Pipeline->then(Object(Closure))
#34 E:\\CATO\\SEMESTRE 2019 01\\Nuevas Tecnicas de programación\\payfood\\vendor\\laravel\\framework\\src\\Illuminate\\Routing\\Router.php(657): Illuminate\\Routing\\Router->runRouteWithinStack(Object(Illuminate\\Routing\\Route), Object(Illuminate\\Http\\Request))
#35 E:\\CATO\\SEMESTRE 2019 01\\Nuevas Tecnicas de programación\\payfood\\vendor\\laravel\\framework\\src\\Illuminate\\Routing\\Router.php(623): Illuminate\\Routing\\Router->runRoute(Object(Illuminate\\Http\\Request), Object(Illuminate\\Routing\\Route))
#36 E:\\CATO\\SEMESTRE 2019 01\\Nuevas Tecnicas de programación\\payfood\\vendor\\laravel\\framework\\src\\Illuminate\\Routing\\Router.php(612): Illuminate\\Routing\\Router->dispatchToRoute(Object(Illuminate\\Http\\Request))
#37 E:\\CATO\\SEMESTRE 2019 01\\Nuevas Tecnicas de programación\\payfood\\vendor\\laravel\\framework\\src\\Illuminate\\Foundation\\Http\\Kernel.php(176): Illuminate\\Routing\\Router->dispatch(Object(Illuminate\\Http\\Request))
#38 E:\\CATO\\SEMESTRE 2019 01\\Nuevas Tecnicas de programación\\payfood\\vendor\\laravel\\framework\\src\\Illuminate\\Routing\\Pipeline.php(30): Illuminate\\Foundation\\Http\\Kernel->Illuminate\\Foundation\\Http\\{closure}(Object(Illuminate\\Http\\Request))
#39 E:\\CATO\\SEMESTRE 2019 01\\Nuevas Tecnicas de programación\\payfood\\vendor\\fideloper\\proxy\\src\\TrustProxies.php(57): Illuminate\\Routing\\Pipeline->Illuminate\\Routing\\{closure}(Object(Illuminate\\Http\\Request))
#40 E:\\CATO\\SEMESTRE 2019 01\\Nuevas Tecnicas de programación\\payfood\\vendor\\laravel\\framework\\src\\Illuminate\\Pipeline\\Pipeline.php(163): Fideloper\\Proxy\\TrustProxies->handle(Object(Illuminate\\Http\\Request), Object(Closure))
#41 E:\\CATO\\SEMESTRE 2019 01\\Nuevas Tecnicas de programación\\payfood\\vendor\\laravel\\framework\\src\\Illuminate\\Routing\\Pipeline.php(53): Illuminate\\Pipeline\\Pipeline->Illuminate\\Pipeline\\{closure}(Object(Illuminate\\Http\\Request))
#42 E:\\CATO\\SEMESTRE 2019 01\\Nuevas Tecnicas de programación\\payfood\\vendor\\laravel\\framework\\src\\Illuminate\\Foundation\\Http\\Middleware\\TransformsRequest.php(21): Illuminate\\Routing\\Pipeline->Illuminate\\Routing\\{closure}(Object(Illuminate\\Http\\Request))
#43 E:\\CATO\\SEMESTRE 2019 01\\Nuevas Tecnicas de programación\\payfood\\vendor\\laravel\\framework\\src\\Illuminate\\Pipeline\\Pipeline.php(163): Illuminate\\Foundation\\Http\\Middleware\\TransformsRequest->handle(Object(Illuminate\\Http\\Request), Object(Closure))
#44 E:\\CATO\\SEMESTRE 2019 01\\Nuevas Tecnicas de programación\\payfood\\vendor\\laravel\\framework\\src\\Illuminate\\Routing\\Pipeline.php(53): Illuminate\\Pipeline\\Pipeline->Illuminate\\Pipeline\\{closure}(Object(Illuminate\\Http\\Request))
#45 E:\\CATO\\SEMESTRE 2019 01\\Nuevas Tecnicas de programación\\payfood\\vendor\\laravel\\framework\\src\\Illuminate\\Foundation\\Http\\Middleware\\TransformsRequest.php(21): Illuminate\\Routing\\Pipeline->Illuminate\\Routing\\{closure}(Object(Illuminate\\Http\\Request))
#46 E:\\CATO\\SEMESTRE 2019 01\\Nuevas Tecnicas de programación\\payfood\\vendor\\laravel\\framework\\src\\Illuminate\\Pipeline\\Pipeline.php(163): Illuminate\\Foundation\\Http\\Middleware\\TransformsRequest->handle(Object(Illuminate\\Http\\Request), Object(Closure))
#47 E:\\CATO\\SEMESTRE 2019 01\\Nuevas Tecnicas de programación\\payfood\\vendor\\laravel\\framework\\src\\Illuminate\\Routing\\Pipeline.php(53): Illuminate\\Pipeline\\Pipeline->Illuminate\\Pipeline\\{closure}(Object(Illuminate\\Http\\Request))
#48 E:\\CATO\\SEMESTRE 2019 01\\Nuevas Tecnicas de programación\\payfood\\vendor\\laravel\\framework\\src\\Illuminate\\Foundation\\Http\\Middleware\\ValidatePostSize.php(27): Illuminate\\Routing\\Pipeline->Illuminate\\Routing\\{closure}(Object(Illuminate\\Http\\Request))
#49 E:\\CATO\\SEMESTRE 2019 01\\Nuevas Tecnicas de programación\\payfood\\vendor\\laravel\\framework\\src\\Illuminate\\Pipeline\\Pipeline.php(163): Illuminate\\Foundation\\Http\\Middleware\\ValidatePostSize->handle(Object(Illuminate\\Http\\Request), Object(Closure))
#50 E:\\CATO\\SEMESTRE 2019 01\\Nuevas Tecnicas de programación\\payfood\\vendor\\laravel\\framework\\src\\Illuminate\\Routing\\Pipeline.php(53): Illuminate\\Pipeline\\Pipeline->Illuminate\\Pipeline\\{closure}(Object(Illuminate\\Http\\Request))
#51 E:\\CATO\\SEMESTRE 2019 01\\Nuevas Tecnicas de programación\\payfood\\vendor\\laravel\\framework\\src\\Illuminate\\Foundation\\Http\\Middleware\\CheckForMaintenanceMode.php(62): Illuminate\\Routing\\Pipeline->Illuminate\\Routing\\{closure}(Object(Illuminate\\Http\\Request))
#52 E:\\CATO\\SEMESTRE 2019 01\\Nuevas Tecnicas de programación\\payfood\\vendor\\laravel\\framework\\src\\Illuminate\\Pipeline\\Pipeline.php(163): Illuminate\\Foundation\\Http\\Middleware\\CheckForMaintenanceMode->handle(Object(Illuminate\\Http\\Request), Object(Closure))
#53 E:\\CATO\\SEMESTRE 2019 01\\Nuevas Tecnicas de programación\\payfood\\vendor\\laravel\\framework\\src\\Illuminate\\Routing\\Pipeline.php(53): Illuminate\\Pipeline\\Pipeline->Illuminate\\Pipeline\\{closure}(Object(Illuminate\\Http\\Request))
#54 E:\\CATO\\SEMESTRE 2019 01\\Nuevas Tecnicas de programación\\payfood\\vendor\\laravel\\framework\\src\\Illuminate\\Pipeline\\Pipeline.php(104): Illuminate\\Routing\\Pipeline->Illuminate\\Routing\\{closure}(Object(Illuminate\\Http\\Request))
#55 E:\\CATO\\SEMESTRE 2019 01\\Nuevas Tecnicas de programación\\payfood\\vendor\\laravel\\framework\\src\\Illuminate\\Foundation\\Http\\Kernel.php(151): Illuminate\\Pipeline\\Pipeline->then(Object(Closure))
#56 E:\\CATO\\SEMESTRE 2019 01\\Nuevas Tecnicas de programación\\payfood\\vendor\\laravel\\framework\\src\\Illuminate\\Foundation\\Http\\Kernel.php(116): Illuminate\\Foundation\\Http\\Kernel->sendRequestThroughRouter(Object(Illuminate\\Http\\Request))
#57 E:\\CATO\\SEMESTRE 2019 01\\Nuevas Tecnicas de programación\\payfood\\public\\index.php(55): Illuminate\\Foundation\\Http\\Kernel->handle(Object(Illuminate\\Http\\Request))
#58 E:\\CATO\\SEMESTRE 2019 01\\Nuevas Tecnicas de programación\\payfood\\server.php(21): require_once('E:\\\\CATO\\\\SEMESTR...')
#59 {main}
"} 
[2019-06-07 00:25:57] local.ERROR: Impossible to create the root directory "E:\CATO\SEMESTRE 2019 01\Nuevas Tecnicas de programación\payfood\storage\app\E:/CATO/SEMESTRE 2019 01/Nuevas Tecnicas de programación/payfood/public/images".  {"exception":"[object] (League\\Flysystem\\Exception(code: 0): Impossible to create the root directory \"E:\\CATO\\SEMESTRE 2019 01\\Nuevas Tecnicas de programación\\payfood\\storage\\app\\E:/CATO/SEMESTRE 2019 01/Nuevas Tecnicas de programación/payfood/public/images\".  at E:\\CATO\\SEMESTRE 2019 01\\Nuevas Tecnicas de programación\\payfood\\vendor\\league\\flysystem\\src\\Adapter\\Local.php:113)
[stacktrace]
#0 E:\\CATO\\SEMESTRE 2019 01\\Nuevas Tecnicas de programación\\payfood\\vendor\\league\\flysystem\\src\\Adapter\\Local.php(157): League\\Flysystem\\Adapter\\Local->ensureDirectory('E:\\\\CATO\\\\SEMESTR...')
#1 E:\\CATO\\SEMESTRE 2019 01\\Nuevas Tecnicas de programación\\payfood\\vendor\\league\\flysystem\\src\\Filesystem.php(122): League\\Flysystem\\Adapter\\Local->writeStream('E:/CATO/SEMESTR...', Resource id #346, Object(League\\Flysystem\\Config))
#2 E:\\CATO\\SEMESTRE 2019 01\\Nuevas Tecnicas de programación\\payfood\\vendor\\laravel\\framework\\src\\Illuminate\\Filesystem\\FilesystemAdapter.php(198): League\\Flysystem\\Filesystem->putStream('E:/CATO/SEMESTR...', Resource id #346, Object(League\\Flysystem\\Config))
#3 E:\\CATO\\SEMESTRE 2019 01\\Nuevas Tecnicas de programación\\payfood\\vendor\\laravel\\framework\\src\\Illuminate\\Filesystem\\FilesystemAdapter.php(232): Illuminate\\Filesystem\\FilesystemAdapter->put('E:\\\\CATO\\\\SEMESTR...', Resource id #346, Array)
#4 E:\\CATO\\SEMESTRE 2019 01\\Nuevas Tecnicas de programación\\payfood\\vendor\\laravel\\framework\\src\\Illuminate\\Filesystem\\FilesystemManager.php(399): Illuminate\\Filesystem\\FilesystemAdapter->putFileAs('E:\\\\CATO\\\\SEMESTR...', Object(Illuminate\\Http\\UploadedFile), '5.jpg')
#5 E:\\CATO\\SEMESTRE 2019 01\\Nuevas Tecnicas de programación\\payfood\\vendor\\laravel\\framework\\src\\Illuminate\\Support\\Facades\\Facade.php(237): Illuminate\\Filesystem\\FilesystemManager->__call('putFileAs', Array)
#6 E:\\CATO\\SEMESTRE 2019 01\\Nuevas Tecnicas de programación\\payfood\\app\\Http\\Controllers\\platoController.php(32): Illuminate\\Support\\Facades\\Facade::__callStatic('putFileAs', Array)
#7 [internal function]: App\\Http\\Controllers\\platoController->store(Object(Illuminate\\Http\\Request))
#8 E:\\CATO\\SEMESTRE 2019 01\\Nuevas Tecnicas de programación\\payfood\\vendor\\laravel\\framework\\src\\Illuminate\\Routing\\Controller.php(54): call_user_func_array(Array, Array)
#9 E:\\CATO\\SEMESTRE 2019 01\\Nuevas Tecnicas de programación\\payfood\\vendor\\laravel\\framework\\src\\Illuminate\\Routing\\ControllerDispatcher.php(45): Illuminate\\Routing\\Controller->callAction('store', Array)
#10 E:\\CATO\\SEMESTRE 2019 01\\Nuevas Tecnicas de programación\\payfood\\vendor\\laravel\\framework\\src\\Illuminate\\Routing\\Route.php(219): Illuminate\\Routing\\ControllerDispatcher->dispatch(Object(Illuminate\\Routing\\Route), Object(App\\Http\\Controllers\\platoController), 'store')
#11 E:\\CATO\\SEMESTRE 2019 01\\Nuevas Tecnicas de programación\\payfood\\vendor\\laravel\\framework\\src\\Illuminate\\Routing\\Route.php(176): Illuminate\\Routing\\Route->runController()
#12 E:\\CATO\\SEMESTRE 2019 01\\Nuevas Tecnicas de programación\\payfood\\vendor\\laravel\\framework\\src\\Illuminate\\Routing\\Router.php(680): Illuminate\\Routing\\Route->run()
#13 E:\\CATO\\SEMESTRE 2019 01\\Nuevas Tecnicas de programación\\payfood\\vendor\\laravel\\framework\\src\\Illuminate\\Routing\\Pipeline.php(30): Illuminate\\Routing\\Router->Illuminate\\Routing\\{closure}(Object(Illuminate\\Http\\Request))
#14 E:\\CATO\\SEMESTRE 2019 01\\Nuevas Tecnicas de programación\\payfood\\vendor\\laravel\\framework\\src\\Illuminate\\Routing\\Middleware\\SubstituteBindings.php(41): Illuminate\\Routing\\Pipeline->Illuminate\\Routing\\{closure}(Object(Illuminate\\Http\\Request))
#15 E:\\CATO\\SEMESTRE 2019 01\\Nuevas Tecnicas de programación\\payfood\\vendor\\laravel\\framework\\src\\Illuminate\\Pipeline\\Pipeline.php(163): Illuminate\\Routing\\Middleware\\SubstituteBindings->handle(Object(Illuminate\\Http\\Request), Object(Closure))
#16 E:\\CATO\\SEMESTRE 2019 01\\Nuevas Tecnicas de programación\\payfood\\vendor\\laravel\\framework\\src\\Illuminate\\Routing\\Pipeline.php(53): Illuminate\\Pipeline\\Pipeline->Illuminate\\Pipeline\\{closure}(Object(Illuminate\\Http\\Request))
#17 E:\\CATO\\SEMESTRE 2019 01\\Nuevas Tecnicas de programación\\payfood\\vendor\\laravel\\framework\\src\\Illuminate\\Foundation\\Http\\Middleware\\VerifyCsrfToken.php(75): Illuminate\\Routing\\Pipeline->Illuminate\\Routing\\{closure}(Object(Illuminate\\Http\\Request))
#18 E:\\CATO\\SEMESTRE 2019 01\\Nuevas Tecnicas de programación\\payfood\\vendor\\laravel\\framework\\src\\Illuminate\\Pipeline\\Pipeline.php(163): Illuminate\\Foundation\\Http\\Middleware\\VerifyCsrfToken->handle(Object(Illuminate\\Http\\Request), Object(Closure))
#19 E:\\CATO\\SEMESTRE 2019 01\\Nuevas Tecnicas de programación\\payfood\\vendor\\laravel\\framework\\src\\Illuminate\\Routing\\Pipeline.php(53): Illuminate\\Pipeline\\Pipeline->Illuminate\\Pipeline\\{closure}(Object(Illuminate\\Http\\Request))
#20 E:\\CATO\\SEMESTRE 2019 01\\Nuevas Tecnicas de programación\\payfood\\vendor\\laravel\\framework\\src\\Illuminate\\View\\Middleware\\ShareErrorsFromSession.php(49): Illuminate\\Routing\\Pipeline->Illuminate\\Routing\\{closure}(Object(Illuminate\\Http\\Request))
#21 E:\\CATO\\SEMESTRE 2019 01\\Nuevas Tecnicas de programación\\payfood\\vendor\\laravel\\framework\\src\\Illuminate\\Pipeline\\Pipeline.php(163): Illuminate\\View\\Middleware\\ShareErrorsFromSession->handle(Object(Illuminate\\Http\\Request), Object(Closure))
#22 E:\\CATO\\SEMESTRE 2019 01\\Nuevas Tecnicas de programación\\payfood\\vendor\\laravel\\framework\\src\\Illuminate\\Routing\\Pipeline.php(53): Illuminate\\Pipeline\\Pipeline->Illuminate\\Pipeline\\{closure}(Object(Illuminate\\Http\\Request))
#23 E:\\CATO\\SEMESTRE 2019 01\\Nuevas Tecnicas de programación\\payfood\\vendor\\laravel\\framework\\src\\Illuminate\\Session\\Middleware\\StartSession.php(56): Illuminate\\Routing\\Pipeline->Illuminate\\Routing\\{closure}(Object(Illuminate\\Http\\Request))
#24 E:\\CATO\\SEMESTRE 2019 01\\Nuevas Tecnicas de programación\\payfood\\vendor\\laravel\\framework\\src\\Illuminate\\Pipeline\\Pipeline.php(163): Illuminate\\Session\\Middleware\\StartSession->handle(Object(Illuminate\\Http\\Request), Object(Closure))
#25 E:\\CATO\\SEMESTRE 2019 01\\Nuevas Tecnicas de programación\\payfood\\vendor\\laravel\\framework\\src\\Illuminate\\Routing\\Pipeline.php(53): Illuminate\\Pipeline\\Pipeline->Illuminate\\Pipeline\\{closure}(Object(Illuminate\\Http\\Request))
#26 E:\\CATO\\SEMESTRE 2019 01\\Nuevas Tecnicas de programación\\payfood\\vendor\\laravel\\framework\\src\\Illuminate\\Cookie\\Middleware\\AddQueuedCookiesToResponse.php(37): Illuminate\\Routing\\Pipeline->Illuminate\\Routing\\{closure}(Object(Illuminate\\Http\\Request))
#27 E:\\CATO\\SEMESTRE 2019 01\\Nuevas Tecnicas de programación\\payfood\\vendor\\laravel\\framework\\src\\Illuminate\\Pipeline\\Pipeline.php(163): Illuminate\\Cookie\\Middleware\\AddQueuedCookiesToResponse->handle(Object(Illuminate\\Http\\Request), Object(Closure))
#28 E:\\CATO\\SEMESTRE 2019 01\\Nuevas Tecnicas de programación\\payfood\\vendor\\laravel\\framework\\src\\Illuminate\\Routing\\Pipeline.php(53): Illuminate\\Pipeline\\Pipeline->Illuminate\\Pipeline\\{closure}(Object(Illuminate\\Http\\Request))
#29 E:\\CATO\\SEMESTRE 2019 01\\Nuevas Tecnicas de programación\\payfood\\vendor\\laravel\\framework\\src\\Illuminate\\Cookie\\Middleware\\EncryptCookies.php(66): Illuminate\\Routing\\Pipeline->Illuminate\\Routing\\{closure}(Object(Illuminate\\Http\\Request))
#30 E:\\CATO\\SEMESTRE 2019 01\\Nuevas Tecnicas de programación\\payfood\\vendor\\laravel\\framework\\src\\Illuminate\\Pipeline\\Pipeline.php(163): Illuminate\\Cookie\\Middleware\\EncryptCookies->handle(Object(Illuminate\\Http\\Request), Object(Closure))
#31 E:\\CATO\\SEMESTRE 2019 01\\Nuevas Tecnicas de programación\\payfood\\vendor\\laravel\\framework\\src\\Illuminate\\Routing\\Pipeline.php(53): Illuminate\\Pipeline\\Pipeline->Illuminate\\Pipeline\\{closure}(Object(Illuminate\\Http\\Request))
#32 E:\\CATO\\SEMESTRE 2019 01\\Nuevas Tecnicas de programación\\payfood\\vendor\\laravel\\framework\\src\\Illuminate\\Pipeline\\Pipeline.php(104): Illuminate\\Routing\\Pipeline->Illuminate\\Routing\\{closure}(Object(Illuminate\\Http\\Request))
#33 E:\\CATO\\SEMESTRE 2019 01\\Nuevas Tecnicas de programación\\payfood\\vendor\\laravel\\framework\\src\\Illuminate\\Routing\\Router.php(682): Illuminate\\Pipeline\\Pipeline->then(Object(Closure))
#34 E:\\CATO\\SEMESTRE 2019 01\\Nuevas Tecnicas de programación\\payfood\\vendor\\laravel\\framework\\src\\Illuminate\\Routing\\Router.php(657): Illuminate\\Routing\\Router->runRouteWithinStack(Object(Illuminate\\Routing\\Route), Object(Illuminate\\Http\\Request))
#35 E:\\CATO\\SEMESTRE 2019 01\\Nuevas Tecnicas de programación\\payfood\\vendor\\laravel\\framework\\src\\Illuminate\\Routing\\Router.php(623): Illuminate\\Routing\\Router->runRoute(Object(Illuminate\\Http\\Request), Object(Illuminate\\Routing\\Route))
#36 E:\\CATO\\SEMESTRE 2019 01\\Nuevas Tecnicas de programación\\payfood\\vendor\\laravel\\framework\\src\\Illuminate\\Routing\\Router.php(612): Illuminate\\Routing\\Router->dispatchToRoute(Object(Illuminate\\Http\\Request))
#37 E:\\CATO\\SEMESTRE 2019 01\\Nuevas Tecnicas de programación\\payfood\\vendor\\laravel\\framework\\src\\Illuminate\\Foundation\\Http\\Kernel.php(176): Illuminate\\Routing\\Router->dispatch(Object(Illuminate\\Http\\Request))
#38 E:\\CATO\\SEMESTRE 2019 01\\Nuevas Tecnicas de programación\\payfood\\vendor\\laravel\\framework\\src\\Illuminate\\Routing\\Pipeline.php(30): Illuminate\\Foundation\\Http\\Kernel->Illuminate\\Foundation\\Http\\{closure}(Object(Illuminate\\Http\\Request))
#39 E:\\CATO\\SEMESTRE 2019 01\\Nuevas Tecnicas de programación\\payfood\\vendor\\fideloper\\proxy\\src\\TrustProxies.php(57): Illuminate\\Routing\\Pipeline->Illuminate\\Routing\\{closure}(Object(Illuminate\\Http\\Request))
#40 E:\\CATO\\SEMESTRE 2019 01\\Nuevas Tecnicas de programación\\payfood\\vendor\\laravel\\framework\\src\\Illuminate\\Pipeline\\Pipeline.php(163): Fideloper\\Proxy\\TrustProxies->handle(Object(Illuminate\\Http\\Request), Object(Closure))
#41 E:\\CATO\\SEMESTRE 2019 01\\Nuevas Tecnicas de programación\\payfood\\vendor\\laravel\\framework\\src\\Illuminate\\Routing\\Pipeline.php(53): Illuminate\\Pipeline\\Pipeline->Illuminate\\Pipeline\\{closure}(Object(Illuminate\\Http\\Request))
#42 E:\\CATO\\SEMESTRE 2019 01\\Nuevas Tecnicas de programación\\payfood\\vendor\\laravel\\framework\\src\\Illuminate\\Foundation\\Http\\Middleware\\TransformsRequest.php(21): Illuminate\\Routing\\Pipeline->Illuminate\\Routing\\{closure}(Object(Illuminate\\Http\\Request))
#43 E:\\CATO\\SEMESTRE 2019 01\\Nuevas Tecnicas de programación\\payfood\\vendor\\laravel\\framework\\src\\Illuminate\\Pipeline\\Pipeline.php(163): Illuminate\\Foundation\\Http\\Middleware\\TransformsRequest->handle(Object(Illuminate\\Http\\Request), Object(Closure))
#44 E:\\CATO\\SEMESTRE 2019 01\\Nuevas Tecnicas de programación\\payfood\\vendor\\laravel\\framework\\src\\Illuminate\\Routing\\Pipeline.php(53): Illuminate\\Pipeline\\Pipeline->Illuminate\\Pipeline\\{closure}(Object(Illuminate\\Http\\Request))
#45 E:\\CATO\\SEMESTRE 2019 01\\Nuevas Tecnicas de programación\\payfood\\vendor\\laravel\\framework\\src\\Illuminate\\Foundation\\Http\\Middleware\\TransformsRequest.php(21): Illuminate\\Routing\\Pipeline->Illuminate\\Routing\\{closure}(Object(Illuminate\\Http\\Request))
#46 E:\\CATO\\SEMESTRE 2019 01\\Nuevas Tecnicas de programación\\payfood\\vendor\\laravel\\framework\\src\\Illuminate\\Pipeline\\Pipeline.php(163): Illuminate\\Foundation\\Http\\Middleware\\TransformsRequest->handle(Object(Illuminate\\Http\\Request), Object(Closure))
#47 E:\\CATO\\SEMESTRE 2019 01\\Nuevas Tecnicas de programación\\payfood\\vendor\\laravel\\framework\\src\\Illuminate\\Routing\\Pipeline.php(53): Illuminate\\Pipeline\\Pipeline->Illuminate\\Pipeline\\{closure}(Object(Illuminate\\Http\\Request))
#48 E:\\CATO\\SEMESTRE 2019 01\\Nuevas Tecnicas de programación\\payfood\\vendor\\laravel\\framework\\src\\Illuminate\\Foundation\\Http\\Middleware\\ValidatePostSize.php(27): Illuminate\\Routing\\Pipeline->Illuminate\\Routing\\{closure}(Object(Illuminate\\Http\\Request))
#49 E:\\CATO\\SEMESTRE 2019 01\\Nuevas Tecnicas de programación\\payfood\\vendor\\laravel\\framework\\src\\Illuminate\\Pipeline\\Pipeline.php(163): Illuminate\\Foundation\\Http\\Middleware\\ValidatePostSize->handle(Object(Illuminate\\Http\\Request), Object(Closure))
#50 E:\\CATO\\SEMESTRE 2019 01\\Nuevas Tecnicas de programación\\payfood\\vendor\\laravel\\framework\\src\\Illuminate\\Routing\\Pipeline.php(53): Illuminate\\Pipeline\\Pipeline->Illuminate\\Pipeline\\{closure}(Object(Illuminate\\Http\\Request))
#51 E:\\CATO\\SEMESTRE 2019 01\\Nuevas Tecnicas de programación\\payfood\\vendor\\laravel\\framework\\src\\Illuminate\\Foundation\\Http\\Middleware\\CheckForMaintenanceMode.php(62): Illuminate\\Routing\\Pipeline->Illuminate\\Routing\\{closure}(Object(Illuminate\\Http\\Request))
#52 E:\\CATO\\SEMESTRE 2019 01\\Nuevas Tecnicas de programación\\payfood\\vendor\\laravel\\framework\\src\\Illuminate\\Pipeline\\Pipeline.php(163): Illuminate\\Foundation\\Http\\Middleware\\CheckForMaintenanceMode->handle(Object(Illuminate\\Http\\Request), Object(Closure))
#53 E:\\CATO\\SEMESTRE 2019 01\\Nuevas Tecnicas de programación\\payfood\\vendor\\laravel\\framework\\src\\Illuminate\\Routing\\Pipeline.php(53): Illuminate\\Pipeline\\Pipeline->Illuminate\\Pipeline\\{closure}(Object(Illuminate\\Http\\Request))
#54 E:\\CATO\\SEMESTRE 2019 01\\Nuevas Tecnicas de programación\\payfood\\vendor\\laravel\\framework\\src\\Illuminate\\Pipeline\\Pipeline.php(104): Illuminate\\Routing\\Pipeline->Illuminate\\Routing\\{closure}(Object(Illuminate\\Http\\Request))
#55 E:\\CATO\\SEMESTRE 2019 01\\Nuevas Tecnicas de programación\\payfood\\vendor\\laravel\\framework\\src\\Illuminate\\Foundation\\Http\\Kernel.php(151): Illuminate\\Pipeline\\Pipeline->then(Object(Closure))
#56 E:\\CATO\\SEMESTRE 2019 01\\Nuevas Tecnicas de programación\\payfood\\vendor\\laravel\\framework\\src\\Illuminate\\Foundation\\Http\\Kernel.php(116): Illuminate\\Foundation\\Http\\Kernel->sendRequestThroughRouter(Object(Illuminate\\Http\\Request))
#57 E:\\CATO\\SEMESTRE 2019 01\\Nuevas Tecnicas de programación\\payfood\\public\\index.php(55): Illuminate\\Foundation\\Http\\Kernel->handle(Object(Illuminate\\Http\\Request))
#58 E:\\CATO\\SEMESTRE 2019 01\\Nuevas Tecnicas de programación\\payfood\\server.php(21): require_once('E:\\\\CATO\\\\SEMESTR...')
#59 {main}
"} 
[2019-06-07 00:28:30] local.ERROR: Impossible to create the root directory "E:\CATO\SEMESTRE 2019 01\Nuevas Tecnicas de programación\payfood\storage\app\E:/CATO/SEMESTRE 2019 01/Nuevas Tecnicas de programación/payfood/public/images".  {"exception":"[object] (League\\Flysystem\\Exception(code: 0): Impossible to create the root directory \"E:\\CATO\\SEMESTRE 2019 01\\Nuevas Tecnicas de programación\\payfood\\storage\\app\\E:/CATO/SEMESTRE 2019 01/Nuevas Tecnicas de programación/payfood/public/images\".  at E:\\CATO\\SEMESTRE 2019 01\\Nuevas Tecnicas de programación\\payfood\\vendor\\league\\flysystem\\src\\Adapter\\Local.php:113)
[stacktrace]
#0 E:\\CATO\\SEMESTRE 2019 01\\Nuevas Tecnicas de programación\\payfood\\vendor\\league\\flysystem\\src\\Adapter\\Local.php(157): League\\Flysystem\\Adapter\\Local->ensureDirectory('E:\\\\CATO\\\\SEMESTR...')
#1 E:\\CATO\\SEMESTRE 2019 01\\Nuevas Tecnicas de programación\\payfood\\vendor\\league\\flysystem\\src\\Filesystem.php(122): League\\Flysystem\\Adapter\\Local->writeStream('E:/CATO/SEMESTR...', Resource id #346, Object(League\\Flysystem\\Config))
#2 E:\\CATO\\SEMESTRE 2019 01\\Nuevas Tecnicas de programación\\payfood\\vendor\\laravel\\framework\\src\\Illuminate\\Filesystem\\FilesystemAdapter.php(198): League\\Flysystem\\Filesystem->putStream('E:/CATO/SEMESTR...', Resource id #346, Object(League\\Flysystem\\Config))
#3 E:\\CATO\\SEMESTRE 2019 01\\Nuevas Tecnicas de programación\\payfood\\vendor\\laravel\\framework\\src\\Illuminate\\Filesystem\\FilesystemAdapter.php(232): Illuminate\\Filesystem\\FilesystemAdapter->put('E:\\\\CATO\\\\SEMESTR...', Resource id #346, Array)
#4 E:\\CATO\\SEMESTRE 2019 01\\Nuevas Tecnicas de programación\\payfood\\vendor\\laravel\\framework\\src\\Illuminate\\Filesystem\\FilesystemManager.php(399): Illuminate\\Filesystem\\FilesystemAdapter->putFileAs('E:\\\\CATO\\\\SEMESTR...', Object(Illuminate\\Http\\UploadedFile), '5.jpg')
#5 E:\\CATO\\SEMESTRE 2019 01\\Nuevas Tecnicas de programación\\payfood\\vendor\\laravel\\framework\\src\\Illuminate\\Support\\Facades\\Facade.php(237): Illuminate\\Filesystem\\FilesystemManager->__call('putFileAs', Array)
#6 E:\\CATO\\SEMESTRE 2019 01\\Nuevas Tecnicas de programación\\payfood\\app\\Http\\Controllers\\platoController.php(32): Illuminate\\Support\\Facades\\Facade::__callStatic('putFileAs', Array)
#7 [internal function]: App\\Http\\Controllers\\platoController->store(Object(Illuminate\\Http\\Request))
#8 E:\\CATO\\SEMESTRE 2019 01\\Nuevas Tecnicas de programación\\payfood\\vendor\\laravel\\framework\\src\\Illuminate\\Routing\\Controller.php(54): call_user_func_array(Array, Array)
#9 E:\\CATO\\SEMESTRE 2019 01\\Nuevas Tecnicas de programación\\payfood\\vendor\\laravel\\framework\\src\\Illuminate\\Routing\\ControllerDispatcher.php(45): Illuminate\\Routing\\Controller->callAction('store', Array)
#10 E:\\CATO\\SEMESTRE 2019 01\\Nuevas Tecnicas de programación\\payfood\\vendor\\laravel\\framework\\src\\Illuminate\\Routing\\Route.php(219): Illuminate\\Routing\\ControllerDispatcher->dispatch(Object(Illuminate\\Routing\\Route), Object(App\\Http\\Controllers\\platoController), 'store')
#11 E:\\CATO\\SEMESTRE 2019 01\\Nuevas Tecnicas de programación\\payfood\\vendor\\laravel\\framework\\src\\Illuminate\\Routing\\Route.php(176): Illuminate\\Routing\\Route->runController()
#12 E:\\CATO\\SEMESTRE 2019 01\\Nuevas Tecnicas de programación\\payfood\\vendor\\laravel\\framework\\src\\Illuminate\\Routing\\Router.php(680): Illuminate\\Routing\\Route->run()
#13 E:\\CATO\\SEMESTRE 2019 01\\Nuevas Tecnicas de programación\\payfood\\vendor\\laravel\\framework\\src\\Illuminate\\Routing\\Pipeline.php(30): Illuminate\\Routing\\Router->Illuminate\\Routing\\{closure}(Object(Illuminate\\Http\\Request))
#14 E:\\CATO\\SEMESTRE 2019 01\\Nuevas Tecnicas de programación\\payfood\\vendor\\laravel\\framework\\src\\Illuminate\\Routing\\Middleware\\SubstituteBindings.php(41): Illuminate\\Routing\\Pipeline->Illuminate\\Routing\\{closure}(Object(Illuminate\\Http\\Request))
#15 E:\\CATO\\SEMESTRE 2019 01\\Nuevas Tecnicas de programación\\payfood\\vendor\\laravel\\framework\\src\\Illuminate\\Pipeline\\Pipeline.php(163): Illuminate\\Routing\\Middleware\\SubstituteBindings->handle(Object(Illuminate\\Http\\Request), Object(Closure))
#16 E:\\CATO\\SEMESTRE 2019 01\\Nuevas Tecnicas de programación\\payfood\\vendor\\laravel\\framework\\src\\Illuminate\\Routing\\Pipeline.php(53): Illuminate\\Pipeline\\Pipeline->Illuminate\\Pipeline\\{closure}(Object(Illuminate\\Http\\Request))
#17 E:\\CATO\\SEMESTRE 2019 01\\Nuevas Tecnicas de programación\\payfood\\vendor\\laravel\\framework\\src\\Illuminate\\Foundation\\Http\\Middleware\\VerifyCsrfToken.php(75): Illuminate\\Routing\\Pipeline->Illuminate\\Routing\\{closure}(Object(Illuminate\\Http\\Request))
#18 E:\\CATO\\SEMESTRE 2019 01\\Nuevas Tecnicas de programación\\payfood\\vendor\\laravel\\framework\\src\\Illuminate\\Pipeline\\Pipeline.php(163): Illuminate\\Foundation\\Http\\Middleware\\VerifyCsrfToken->handle(Object(Illuminate\\Http\\Request), Object(Closure))
#19 E:\\CATO\\SEMESTRE 2019 01\\Nuevas Tecnicas de programación\\payfood\\vendor\\laravel\\framework\\src\\Illuminate\\Routing\\Pipeline.php(53): Illuminate\\Pipeline\\Pipeline->Illuminate\\Pipeline\\{closure}(Object(Illuminate\\Http\\Request))
#20 E:\\CATO\\SEMESTRE 2019 01\\Nuevas Tecnicas de programación\\payfood\\vendor\\laravel\\framework\\src\\Illuminate\\View\\Middleware\\ShareErrorsFromSession.php(49): Illuminate\\Routing\\Pipeline->Illuminate\\Routing\\{closure}(Object(Illuminate\\Http\\Request))
#21 E:\\CATO\\SEMESTRE 2019 01\\Nuevas Tecnicas de programación\\payfood\\vendor\\laravel\\framework\\src\\Illuminate\\Pipeline\\Pipeline.php(163): Illuminate\\View\\Middleware\\ShareErrorsFromSession->handle(Object(Illuminate\\Http\\Request), Object(Closure))
#22 E:\\CATO\\SEMESTRE 2019 01\\Nuevas Tecnicas de programación\\payfood\\vendor\\laravel\\framework\\src\\Illuminate\\Routing\\Pipeline.php(53): Illuminate\\Pipeline\\Pipeline->Illuminate\\Pipeline\\{closure}(Object(Illuminate\\Http\\Request))
#23 E:\\CATO\\SEMESTRE 2019 01\\Nuevas Tecnicas de programación\\payfood\\vendor\\laravel\\framework\\src\\Illuminate\\Session\\Middleware\\StartSession.php(56): Illuminate\\Routing\\Pipeline->Illuminate\\Routing\\{closure}(Object(Illuminate\\Http\\Request))
#24 E:\\CATO\\SEMESTRE 2019 01\\Nuevas Tecnicas de programación\\payfood\\vendor\\laravel\\framework\\src\\Illuminate\\Pipeline\\Pipeline.php(163): Illuminate\\Session\\Middleware\\StartSession->handle(Object(Illuminate\\Http\\Request), Object(Closure))
#25 E:\\CATO\\SEMESTRE 2019 01\\Nuevas Tecnicas de programación\\payfood\\vendor\\laravel\\framework\\src\\Illuminate\\Routing\\Pipeline.php(53): Illuminate\\Pipeline\\Pipeline->Illuminate\\Pipeline\\{closure}(Object(Illuminate\\Http\\Request))
#26 E:\\CATO\\SEMESTRE 2019 01\\Nuevas Tecnicas de programación\\payfood\\vendor\\laravel\\framework\\src\\Illuminate\\Cookie\\Middleware\\AddQueuedCookiesToResponse.php(37): Illuminate\\Routing\\Pipeline->Illuminate\\Routing\\{closure}(Object(Illuminate\\Http\\Request))
#27 E:\\CATO\\SEMESTRE 2019 01\\Nuevas Tecnicas de programación\\payfood\\vendor\\laravel\\framework\\src\\Illuminate\\Pipeline\\Pipeline.php(163): Illuminate\\Cookie\\Middleware\\AddQueuedCookiesToResponse->handle(Object(Illuminate\\Http\\Request), Object(Closure))
#28 E:\\CATO\\SEMESTRE 2019 01\\Nuevas Tecnicas de programación\\payfood\\vendor\\laravel\\framework\\src\\Illuminate\\Routing\\Pipeline.php(53): Illuminate\\Pipeline\\Pipeline->Illuminate\\Pipeline\\{closure}(Object(Illuminate\\Http\\Request))
#29 E:\\CATO\\SEMESTRE 2019 01\\Nuevas Tecnicas de programación\\payfood\\vendor\\laravel\\framework\\src\\Illuminate\\Cookie\\Middleware\\EncryptCookies.php(66): Illuminate\\Routing\\Pipeline->Illuminate\\Routing\\{closure}(Object(Illuminate\\Http\\Request))
#30 E:\\CATO\\SEMESTRE 2019 01\\Nuevas Tecnicas de programación\\payfood\\vendor\\laravel\\framework\\src\\Illuminate\\Pipeline\\Pipeline.php(163): Illuminate\\Cookie\\Middleware\\EncryptCookies->handle(Object(Illuminate\\Http\\Request), Object(Closure))
#31 E:\\CATO\\SEMESTRE 2019 01\\Nuevas Tecnicas de programación\\payfood\\vendor\\laravel\\framework\\src\\Illuminate\\Routing\\Pipeline.php(53): Illuminate\\Pipeline\\Pipeline->Illuminate\\Pipeline\\{closure}(Object(Illuminate\\Http\\Request))
#32 E:\\CATO\\SEMESTRE 2019 01\\Nuevas Tecnicas de programación\\payfood\\vendor\\laravel\\framework\\src\\Illuminate\\Pipeline\\Pipeline.php(104): Illuminate\\Routing\\Pipeline->Illuminate\\Routing\\{closure}(Object(Illuminate\\Http\\Request))
#33 E:\\CATO\\SEMESTRE 2019 01\\Nuevas Tecnicas de programación\\payfood\\vendor\\laravel\\framework\\src\\Illuminate\\Routing\\Router.php(682): Illuminate\\Pipeline\\Pipeline->then(Object(Closure))
#34 E:\\CATO\\SEMESTRE 2019 01\\Nuevas Tecnicas de programación\\payfood\\vendor\\laravel\\framework\\src\\Illuminate\\Routing\\Router.php(657): Illuminate\\Routing\\Router->runRouteWithinStack(Object(Illuminate\\Routing\\Route), Object(Illuminate\\Http\\Request))
#35 E:\\CATO\\SEMESTRE 2019 01\\Nuevas Tecnicas de programación\\payfood\\vendor\\laravel\\framework\\src\\Illuminate\\Routing\\Router.php(623): Illuminate\\Routing\\Router->runRoute(Object(Illuminate\\Http\\Request), Object(Illuminate\\Routing\\Route))
#36 E:\\CATO\\SEMESTRE 2019 01\\Nuevas Tecnicas de programación\\payfood\\vendor\\laravel\\framework\\src\\Illuminate\\Routing\\Router.php(612): Illuminate\\Routing\\Router->dispatchToRoute(Object(Illuminate\\Http\\Request))
#37 E:\\CATO\\SEMESTRE 2019 01\\Nuevas Tecnicas de programación\\payfood\\vendor\\laravel\\framework\\src\\Illuminate\\Foundation\\Http\\Kernel.php(176): Illuminate\\Routing\\Router->dispatch(Object(Illuminate\\Http\\Request))
#38 E:\\CATO\\SEMESTRE 2019 01\\Nuevas Tecnicas de programación\\payfood\\vendor\\laravel\\framework\\src\\Illuminate\\Routing\\Pipeline.php(30): Illuminate\\Foundation\\Http\\Kernel->Illuminate\\Foundation\\Http\\{closure}(Object(Illuminate\\Http\\Request))
#39 E:\\CATO\\SEMESTRE 2019 01\\Nuevas Tecnicas de programación\\payfood\\vendor\\fideloper\\proxy\\src\\TrustProxies.php(57): Illuminate\\Routing\\Pipeline->Illuminate\\Routing\\{closure}(Object(Illuminate\\Http\\Request))
#40 E:\\CATO\\SEMESTRE 2019 01\\Nuevas Tecnicas de programación\\payfood\\vendor\\laravel\\framework\\src\\Illuminate\\Pipeline\\Pipeline.php(163): Fideloper\\Proxy\\TrustProxies->handle(Object(Illuminate\\Http\\Request), Object(Closure))
#41 E:\\CATO\\SEMESTRE 2019 01\\Nuevas Tecnicas de programación\\payfood\\vendor\\laravel\\framework\\src\\Illuminate\\Routing\\Pipeline.php(53): Illuminate\\Pipeline\\Pipeline->Illuminate\\Pipeline\\{closure}(Object(Illuminate\\Http\\Request))
#42 E:\\CATO\\SEMESTRE 2019 01\\Nuevas Tecnicas de programación\\payfood\\vendor\\laravel\\framework\\src\\Illuminate\\Foundation\\Http\\Middleware\\TransformsRequest.php(21): Illuminate\\Routing\\Pipeline->Illuminate\\Routing\\{closure}(Object(Illuminate\\Http\\Request))
#43 E:\\CATO\\SEMESTRE 2019 01\\Nuevas Tecnicas de programación\\payfood\\vendor\\laravel\\framework\\src\\Illuminate\\Pipeline\\Pipeline.php(163): Illuminate\\Foundation\\Http\\Middleware\\TransformsRequest->handle(Object(Illuminate\\Http\\Request), Object(Closure))
#44 E:\\CATO\\SEMESTRE 2019 01\\Nuevas Tecnicas de programación\\payfood\\vendor\\laravel\\framework\\src\\Illuminate\\Routing\\Pipeline.php(53): Illuminate\\Pipeline\\Pipeline->Illuminate\\Pipeline\\{closure}(Object(Illuminate\\Http\\Request))
#45 E:\\CATO\\SEMESTRE 2019 01\\Nuevas Tecnicas de programación\\payfood\\vendor\\laravel\\framework\\src\\Illuminate\\Foundation\\Http\\Middleware\\TransformsRequest.php(21): Illuminate\\Routing\\Pipeline->Illuminate\\Routing\\{closure}(Object(Illuminate\\Http\\Request))
#46 E:\\CATO\\SEMESTRE 2019 01\\Nuevas Tecnicas de programación\\payfood\\vendor\\laravel\\framework\\src\\Illuminate\\Pipeline\\Pipeline.php(163): Illuminate\\Foundation\\Http\\Middleware\\TransformsRequest->handle(Object(Illuminate\\Http\\Request), Object(Closure))
#47 E:\\CATO\\SEMESTRE 2019 01\\Nuevas Tecnicas de programación\\payfood\\vendor\\laravel\\framework\\src\\Illuminate\\Routing\\Pipeline.php(53): Illuminate\\Pipeline\\Pipeline->Illuminate\\Pipeline\\{closure}(Object(Illuminate\\Http\\Request))
#48 E:\\CATO\\SEMESTRE 2019 01\\Nuevas Tecnicas de programación\\payfood\\vendor\\laravel\\framework\\src\\Illuminate\\Foundation\\Http\\Middleware\\ValidatePostSize.php(27): Illuminate\\Routing\\Pipeline->Illuminate\\Routing\\{closure}(Object(Illuminate\\Http\\Request))
#49 E:\\CATO\\SEMESTRE 2019 01\\Nuevas Tecnicas de programación\\payfood\\vendor\\laravel\\framework\\src\\Illuminate\\Pipeline\\Pipeline.php(163): Illuminate\\Foundation\\Http\\Middleware\\ValidatePostSize->handle(Object(Illuminate\\Http\\Request), Object(Closure))
#50 E:\\CATO\\SEMESTRE 2019 01\\Nuevas Tecnicas de programación\\payfood\\vendor\\laravel\\framework\\src\\Illuminate\\Routing\\Pipeline.php(53): Illuminate\\Pipeline\\Pipeline->Illuminate\\Pipeline\\{closure}(Object(Illuminate\\Http\\Request))
#51 E:\\CATO\\SEMESTRE 2019 01\\Nuevas Tecnicas de programación\\payfood\\vendor\\laravel\\framework\\src\\Illuminate\\Foundation\\Http\\Middleware\\CheckForMaintenanceMode.php(62): Illuminate\\Routing\\Pipeline->Illuminate\\Routing\\{closure}(Object(Illuminate\\Http\\Request))
#52 E:\\CATO\\SEMESTRE 2019 01\\Nuevas Tecnicas de programación\\payfood\\vendor\\laravel\\framework\\src\\Illuminate\\Pipeline\\Pipeline.php(163): Illuminate\\Foundation\\Http\\Middleware\\CheckForMaintenanceMode->handle(Object(Illuminate\\Http\\Request), Object(Closure))
#53 E:\\CATO\\SEMESTRE 2019 01\\Nuevas Tecnicas de programación\\payfood\\vendor\\laravel\\framework\\src\\Illuminate\\Routing\\Pipeline.php(53): Illuminate\\Pipeline\\Pipeline->Illuminate\\Pipeline\\{closure}(Object(Illuminate\\Http\\Request))
#54 E:\\CATO\\SEMESTRE 2019 01\\Nuevas Tecnicas de programación\\payfood\\vendor\\laravel\\framework\\src\\Illuminate\\Pipeline\\Pipeline.php(104): Illuminate\\Routing\\Pipeline->Illuminate\\Routing\\{closure}(Object(Illuminate\\Http\\Request))
#55 E:\\CATO\\SEMESTRE 2019 01\\Nuevas Tecnicas de programación\\payfood\\vendor\\laravel\\framework\\src\\Illuminate\\Foundation\\Http\\Kernel.php(151): Illuminate\\Pipeline\\Pipeline->then(Object(Closure))
#56 E:\\CATO\\SEMESTRE 2019 01\\Nuevas Tecnicas de programación\\payfood\\vendor\\laravel\\framework\\src\\Illuminate\\Foundation\\Http\\Kernel.php(116): Illuminate\\Foundation\\Http\\Kernel->sendRequestThroughRouter(Object(Illuminate\\Http\\Request))
#57 E:\\CATO\\SEMESTRE 2019 01\\Nuevas Tecnicas de programación\\payfood\\public\\index.php(55): Illuminate\\Foundation\\Http\\Kernel->handle(Object(Illuminate\\Http\\Request))
#58 E:\\CATO\\SEMESTRE 2019 01\\Nuevas Tecnicas de programación\\payfood\\server.php(21): require_once('E:\\\\CATO\\\\SEMESTR...')
#59 {main}
"} 
[2019-06-07 00:29:37] local.ERROR: Call to undefined function App\Http\Controllers\uploadOne() {"exception":"[object] (Symfony\\Component\\Debug\\Exception\\FatalThrowableError(code: 0): Call to undefined function App\\Http\\Controllers\\uploadOne() at E:\\CATO\\SEMESTRE 2019 01\\Nuevas Tecnicas de programación\\payfood\\app\\Http\\Controllers\\platoController.php:34)
[stacktrace]
#0 [internal function]: App\\Http\\Controllers\\platoController->store(Object(Illuminate\\Http\\Request))
#1 E:\\CATO\\SEMESTRE 2019 01\\Nuevas Tecnicas de programación\\payfood\\vendor\\laravel\\framework\\src\\Illuminate\\Routing\\Controller.php(54): call_user_func_array(Array, Array)
#2 E:\\CATO\\SEMESTRE 2019 01\\Nuevas Tecnicas de programación\\payfood\\vendor\\laravel\\framework\\src\\Illuminate\\Routing\\ControllerDispatcher.php(45): Illuminate\\Routing\\Controller->callAction('store', Array)
#3 E:\\CATO\\SEMESTRE 2019 01\\Nuevas Tecnicas de programación\\payfood\\vendor\\laravel\\framework\\src\\Illuminate\\Routing\\Route.php(219): Illuminate\\Routing\\ControllerDispatcher->dispatch(Object(Illuminate\\Routing\\Route), Object(App\\Http\\Controllers\\platoController), 'store')
#4 E:\\CATO\\SEMESTRE 2019 01\\Nuevas Tecnicas de programación\\payfood\\vendor\\laravel\\framework\\src\\Illuminate\\Routing\\Route.php(176): Illuminate\\Routing\\Route->runController()
#5 E:\\CATO\\SEMESTRE 2019 01\\Nuevas Tecnicas de programación\\payfood\\vendor\\laravel\\framework\\src\\Illuminate\\Routing\\Router.php(680): Illuminate\\Routing\\Route->run()
#6 E:\\CATO\\SEMESTRE 2019 01\\Nuevas Tecnicas de programación\\payfood\\vendor\\laravel\\framework\\src\\Illuminate\\Routing\\Pipeline.php(30): Illuminate\\Routing\\Router->Illuminate\\Routing\\{closure}(Object(Illuminate\\Http\\Request))
#7 E:\\CATO\\SEMESTRE 2019 01\\Nuevas Tecnicas de programación\\payfood\\vendor\\laravel\\framework\\src\\Illuminate\\Routing\\Middleware\\SubstituteBindings.php(41): Illuminate\\Routing\\Pipeline->Illuminate\\Routing\\{closure}(Object(Illuminate\\Http\\Request))
#8 E:\\CATO\\SEMESTRE 2019 01\\Nuevas Tecnicas de programación\\payfood\\vendor\\laravel\\framework\\src\\Illuminate\\Pipeline\\Pipeline.php(163): Illuminate\\Routing\\Middleware\\SubstituteBindings->handle(Object(Illuminate\\Http\\Request), Object(Closure))
#9 E:\\CATO\\SEMESTRE 2019 01\\Nuevas Tecnicas de programación\\payfood\\vendor\\laravel\\framework\\src\\Illuminate\\Routing\\Pipeline.php(53): Illuminate\\Pipeline\\Pipeline->Illuminate\\Pipeline\\{closure}(Object(Illuminate\\Http\\Request))
#10 E:\\CATO\\SEMESTRE 2019 01\\Nuevas Tecnicas de programación\\payfood\\vendor\\laravel\\framework\\src\\Illuminate\\Foundation\\Http\\Middleware\\VerifyCsrfToken.php(75): Illuminate\\Routing\\Pipeline->Illuminate\\Routing\\{closure}(Object(Illuminate\\Http\\Request))
#11 E:\\CATO\\SEMESTRE 2019 01\\Nuevas Tecnicas de programación\\payfood\\vendor\\laravel\\framework\\src\\Illuminate\\Pipeline\\Pipeline.php(163): Illuminate\\Foundation\\Http\\Middleware\\VerifyCsrfToken->handle(Object(Illuminate\\Http\\Request), Object(Closure))
#12 E:\\CATO\\SEMESTRE 2019 01\\Nuevas Tecnicas de programación\\payfood\\vendor\\laravel\\framework\\src\\Illuminate\\Routing\\Pipeline.php(53): Illuminate\\Pipeline\\Pipeline->Illuminate\\Pipeline\\{closure}(Object(Illuminate\\Http\\Request))
#13 E:\\CATO\\SEMESTRE 2019 01\\Nuevas Tecnicas de programación\\payfood\\vendor\\laravel\\framework\\src\\Illuminate\\View\\Middleware\\ShareErrorsFromSession.php(49): Illuminate\\Routing\\Pipeline->Illuminate\\Routing\\{closure}(Object(Illuminate\\Http\\Request))
#14 E:\\CATO\\SEMESTRE 2019 01\\Nuevas Tecnicas de programación\\payfood\\vendor\\laravel\\framework\\src\\Illuminate\\Pipeline\\Pipeline.php(163): Illuminate\\View\\Middleware\\ShareErrorsFromSession->handle(Object(Illuminate\\Http\\Request), Object(Closure))
#15 E:\\CATO\\SEMESTRE 2019 01\\Nuevas Tecnicas de programación\\payfood\\vendor\\laravel\\framework\\src\\Illuminate\\Routing\\Pipeline.php(53): Illuminate\\Pipeline\\Pipeline->Illuminate\\Pipeline\\{closure}(Object(Illuminate\\Http\\Request))
#16 E:\\CATO\\SEMESTRE 2019 01\\Nuevas Tecnicas de programación\\payfood\\vendor\\laravel\\framework\\src\\Illuminate\\Session\\Middleware\\StartSession.php(56): Illuminate\\Routing\\Pipeline->Illuminate\\Routing\\{closure}(Object(Illuminate\\Http\\Request))
#17 E:\\CATO\\SEMESTRE 2019 01\\Nuevas Tecnicas de programación\\payfood\\vendor\\laravel\\framework\\src\\Illuminate\\Pipeline\\Pipeline.php(163): Illuminate\\Session\\Middleware\\StartSession->handle(Object(Illuminate\\Http\\Request), Object(Closure))
#18 E:\\CATO\\SEMESTRE 2019 01\\Nuevas Tecnicas de programación\\payfood\\vendor\\laravel\\framework\\src\\Illuminate\\Routing\\Pipeline.php(53): Illuminate\\Pipeline\\Pipeline->Illuminate\\Pipeline\\{closure}(Object(Illuminate\\Http\\Request))
#19 E:\\CATO\\SEMESTRE 2019 01\\Nuevas Tecnicas de programación\\payfood\\vendor\\laravel\\framework\\src\\Illuminate\\Cookie\\Middleware\\AddQueuedCookiesToResponse.php(37): Illuminate\\Routing\\Pipeline->Illuminate\\Routing\\{closure}(Object(Illuminate\\Http\\Request))
#20 E:\\CATO\\SEMESTRE 2019 01\\Nuevas Tecnicas de programación\\payfood\\vendor\\laravel\\framework\\src\\Illuminate\\Pipeline\\Pipeline.php(163): Illuminate\\Cookie\\Middleware\\AddQueuedCookiesToResponse->handle(Object(Illuminate\\Http\\Request), Object(Closure))
#21 E:\\CATO\\SEMESTRE 2019 01\\Nuevas Tecnicas de programación\\payfood\\vendor\\laravel\\framework\\src\\Illuminate\\Routing\\Pipeline.php(53): Illuminate\\Pipeline\\Pipeline->Illuminate\\Pipeline\\{closure}(Object(Illuminate\\Http\\Request))
#22 E:\\CATO\\SEMESTRE 2019 01\\Nuevas Tecnicas de programación\\payfood\\vendor\\laravel\\framework\\src\\Illuminate\\Cookie\\Middleware\\EncryptCookies.php(66): Illuminate\\Routing\\Pipeline->Illuminate\\Routing\\{closure}(Object(Illuminate\\Http\\Request))
#23 E:\\CATO\\SEMESTRE 2019 01\\Nuevas Tecnicas de programación\\payfood\\vendor\\laravel\\framework\\src\\Illuminate\\Pipeline\\Pipeline.php(163): Illuminate\\Cookie\\Middleware\\EncryptCookies->handle(Object(Illuminate\\Http\\Request), Object(Closure))
#24 E:\\CATO\\SEMESTRE 2019 01\\Nuevas Tecnicas de programación\\payfood\\vendor\\laravel\\framework\\src\\Illuminate\\Routing\\Pipeline.php(53): Illuminate\\Pipeline\\Pipeline->Illuminate\\Pipeline\\{closure}(Object(Illuminate\\Http\\Request))
#25 E:\\CATO\\SEMESTRE 2019 01\\Nuevas Tecnicas de programación\\payfood\\vendor\\laravel\\framework\\src\\Illuminate\\Pipeline\\Pipeline.php(104): Illuminate\\Routing\\Pipeline->Illuminate\\Routing\\{closure}(Object(Illuminate\\Http\\Request))
#26 E:\\CATO\\SEMESTRE 2019 01\\Nuevas Tecnicas de programación\\payfood\\vendor\\laravel\\framework\\src\\Illuminate\\Routing\\Router.php(682): Illuminate\\Pipeline\\Pipeline->then(Object(Closure))
#27 E:\\CATO\\SEMESTRE 2019 01\\Nuevas Tecnicas de programación\\payfood\\vendor\\laravel\\framework\\src\\Illuminate\\Routing\\Router.php(657): Illuminate\\Routing\\Router->runRouteWithinStack(Object(Illuminate\\Routing\\Route), Object(Illuminate\\Http\\Request))
#28 E:\\CATO\\SEMESTRE 2019 01\\Nuevas Tecnicas de programación\\payfood\\vendor\\laravel\\framework\\src\\Illuminate\\Routing\\Router.php(623): Illuminate\\Routing\\Router->runRoute(Object(Illuminate\\Http\\Request), Object(Illuminate\\Routing\\Route))
#29 E:\\CATO\\SEMESTRE 2019 01\\Nuevas Tecnicas de programación\\payfood\\vendor\\laravel\\framework\\src\\Illuminate\\Routing\\Router.php(612): Illuminate\\Routing\\Router->dispatchToRoute(Object(Illuminate\\Http\\Request))
#30 E:\\CATO\\SEMESTRE 2019 01\\Nuevas Tecnicas de programación\\payfood\\vendor\\laravel\\framework\\src\\Illuminate\\Foundation\\Http\\Kernel.php(176): Illuminate\\Routing\\Router->dispatch(Object(Illuminate\\Http\\Request))
#31 E:\\CATO\\SEMESTRE 2019 01\\Nuevas Tecnicas de programación\\payfood\\vendor\\laravel\\framework\\src\\Illuminate\\Routing\\Pipeline.php(30): Illuminate\\Foundation\\Http\\Kernel->Illuminate\\Foundation\\Http\\{closure}(Object(Illuminate\\Http\\Request))
#32 E:\\CATO\\SEMESTRE 2019 01\\Nuevas Tecnicas de programación\\payfood\\vendor\\fideloper\\proxy\\src\\TrustProxies.php(57): Illuminate\\Routing\\Pipeline->Illuminate\\Routing\\{closure}(Object(Illuminate\\Http\\Request))
#33 E:\\CATO\\SEMESTRE 2019 01\\Nuevas Tecnicas de programación\\payfood\\vendor\\laravel\\framework\\src\\Illuminate\\Pipeline\\Pipeline.php(163): Fideloper\\Proxy\\TrustProxies->handle(Object(Illuminate\\Http\\Request), Object(Closure))
#34 E:\\CATO\\SEMESTRE 2019 01\\Nuevas Tecnicas de programación\\payfood\\vendor\\laravel\\framework\\src\\Illuminate\\Routing\\Pipeline.php(53): Illuminate\\Pipeline\\Pipeline->Illuminate\\Pipeline\\{closure}(Object(Illuminate\\Http\\Request))
#35 E:\\CATO\\SEMESTRE 2019 01\\Nuevas Tecnicas de programación\\payfood\\vendor\\laravel\\framework\\src\\Illuminate\\Foundation\\Http\\Middleware\\TransformsRequest.php(21): Illuminate\\Routing\\Pipeline->Illuminate\\Routing\\{closure}(Object(Illuminate\\Http\\Request))
#36 E:\\CATO\\SEMESTRE 2019 01\\Nuevas Tecnicas de programación\\payfood\\vendor\\laravel\\framework\\src\\Illuminate\\Pipeline\\Pipeline.php(163): Illuminate\\Foundation\\Http\\Middleware\\TransformsRequest->handle(Object(Illuminate\\Http\\Request), Object(Closure))
#37 E:\\CATO\\SEMESTRE 2019 01\\Nuevas Tecnicas de programación\\payfood\\vendor\\laravel\\framework\\src\\Illuminate\\Routing\\Pipeline.php(53): Illuminate\\Pipeline\\Pipeline->Illuminate\\Pipeline\\{closure}(Object(Illuminate\\Http\\Request))
#38 E:\\CATO\\SEMESTRE 2019 01\\Nuevas Tecnicas de programación\\payfood\\vendor\\laravel\\framework\\src\\Illuminate\\Foundation\\Http\\Middleware\\TransformsRequest.php(21): Illuminate\\Routing\\Pipeline->Illuminate\\Routing\\{closure}(Object(Illuminate\\Http\\Request))
#39 E:\\CATO\\SEMESTRE 2019 01\\Nuevas Tecnicas de programación\\payfood\\vendor\\laravel\\framework\\src\\Illuminate\\Pipeline\\Pipeline.php(163): Illuminate\\Foundation\\Http\\Middleware\\TransformsRequest->handle(Object(Illuminate\\Http\\Request), Object(Closure))
#40 E:\\CATO\\SEMESTRE 2019 01\\Nuevas Tecnicas de programación\\payfood\\vendor\\laravel\\framework\\src\\Illuminate\\Routing\\Pipeline.php(53): Illuminate\\Pipeline\\Pipeline->Illuminate\\Pipeline\\{closure}(Object(Illuminate\\Http\\Request))
#41 E:\\CATO\\SEMESTRE 2019 01\\Nuevas Tecnicas de programación\\payfood\\vendor\\laravel\\framework\\src\\Illuminate\\Foundation\\Http\\Middleware\\ValidatePostSize.php(27): Illuminate\\Routing\\Pipeline->Illuminate\\Routing\\{closure}(Object(Illuminate\\Http\\Request))
#42 E:\\CATO\\SEMESTRE 2019 01\\Nuevas Tecnicas de programación\\payfood\\vendor\\laravel\\framework\\src\\Illuminate\\Pipeline\\Pipeline.php(163): Illuminate\\Foundation\\Http\\Middleware\\ValidatePostSize->handle(Object(Illuminate\\Http\\Request), Object(Closure))
#43 E:\\CATO\\SEMESTRE 2019 01\\Nuevas Tecnicas de programación\\payfood\\vendor\\laravel\\framework\\src\\Illuminate\\Routing\\Pipeline.php(53): Illuminate\\Pipeline\\Pipeline->Illuminate\\Pipeline\\{closure}(Object(Illuminate\\Http\\Request))
#44 E:\\CATO\\SEMESTRE 2019 01\\Nuevas Tecnicas de programación\\payfood\\vendor\\laravel\\framework\\src\\Illuminate\\Foundation\\Http\\Middleware\\CheckForMaintenanceMode.php(62): Illuminate\\Routing\\Pipeline->Illuminate\\Routing\\{closure}(Object(Illuminate\\Http\\Request))
#45 E:\\CATO\\SEMESTRE 2019 01\\Nuevas Tecnicas de programación\\payfood\\vendor\\laravel\\framework\\src\\Illuminate\\Pipeline\\Pipeline.php(163): Illuminate\\Foundation\\Http\\Middleware\\CheckForMaintenanceMode->handle(Object(Illuminate\\Http\\Request), Object(Closure))
#46 E:\\CATO\\SEMESTRE 2019 01\\Nuevas Tecnicas de programación\\payfood\\vendor\\laravel\\framework\\src\\Illuminate\\Routing\\Pipeline.php(53): Illuminate\\Pipeline\\Pipeline->Illuminate\\Pipeline\\{closure}(Object(Illuminate\\Http\\Request))
#47 E:\\CATO\\SEMESTRE 2019 01\\Nuevas Tecnicas de programación\\payfood\\vendor\\laravel\\framework\\src\\Illuminate\\Pipeline\\Pipeline.php(104): Illuminate\\Routing\\Pipeline->Illuminate\\Routing\\{closure}(Object(Illuminate\\Http\\Request))
#48 E:\\CATO\\SEMESTRE 2019 01\\Nuevas Tecnicas de programación\\payfood\\vendor\\laravel\\framework\\src\\Illuminate\\Foundation\\Http\\Kernel.php(151): Illuminate\\Pipeline\\Pipeline->then(Object(Closure))
#49 E:\\CATO\\SEMESTRE 2019 01\\Nuevas Tecnicas de programación\\payfood\\vendor\\laravel\\framework\\src\\Illuminate\\Foundation\\Http\\Kernel.php(116): Illuminate\\Foundation\\Http\\Kernel->sendRequestThroughRouter(Object(Illuminate\\Http\\Request))
#50 E:\\CATO\\SEMESTRE 2019 01\\Nuevas Tecnicas de programación\\payfood\\public\\index.php(55): Illuminate\\Foundation\\Http\\Kernel->handle(Object(Illuminate\\Http\\Request))
#51 E:\\CATO\\SEMESTRE 2019 01\\Nuevas Tecnicas de programación\\payfood\\server.php(21): require_once('E:\\\\CATO\\\\SEMESTR...')
#52 {main}
"} 
[2019-06-07 00:30:43] local.ERROR: SQLSTATE[HY000] [2002] php_network_getaddresses: getaddrinfo failed: Host desconocido.  (SQL: select `id` from `platos` order by `id` desc) {"exception":"[object] (Illuminate\\Database\\QueryException(code: 2002): SQLSTATE[HY000] [2002] php_network_getaddresses: getaddrinfo failed: Host desconocido.  (SQL: select `id` from `platos` order by `id` desc) at E:\\CATO\\SEMESTRE 2019 01\\Nuevas Tecnicas de programación\\payfood\\vendor\\laravel\\framework\\src\\Illuminate\\Database\\Connection.php:664, PDOException(code: 2002): SQLSTATE[HY000] [2002] php_network_getaddresses: getaddrinfo failed: Host desconocido.  at E:\\CATO\\SEMESTRE 2019 01\\Nuevas Tecnicas de programación\\payfood\\vendor\\laravel\\framework\\src\\Illuminate\\Database\\Connectors\\Connector.php:70, PDOException(code: 0): PDO::__construct(): php_network_getaddresses: getaddrinfo failed: Host desconocido.  at E:\\CATO\\SEMESTRE 2019 01\\Nuevas Tecnicas de programación\\payfood\\vendor\\laravel\\framework\\src\\Illuminate\\Database\\Connectors\\Connector.php:70)
[stacktrace]
#0 E:\\CATO\\SEMESTRE 2019 01\\Nuevas Tecnicas de programación\\payfood\\vendor\\laravel\\framework\\src\\Illuminate\\Database\\Connection.php(624): Illuminate\\Database\\Connection->runQueryCallback('select `id` fro...', Array, Object(Closure))
#1 E:\\CATO\\SEMESTRE 2019 01\\Nuevas Tecnicas de programación\\payfood\\vendor\\laravel\\framework\\src\\Illuminate\\Database\\Connection.php(333): Illuminate\\Database\\Connection->run('select `id` fro...', Array, Object(Closure))
#2 E:\\CATO\\SEMESTRE 2019 01\\Nuevas Tecnicas de programación\\payfood\\vendor\\laravel\\framework\\src\\Illuminate\\Database\\Query\\Builder.php(2124): Illuminate\\Database\\Connection->select('select `id` fro...', Array, true)
#3 E:\\CATO\\SEMESTRE 2019 01\\Nuevas Tecnicas de programación\\payfood\\vendor\\laravel\\framework\\src\\Illuminate\\Database\\Query\\Builder.php(2112): Illuminate\\Database\\Query\\Builder->runSelect()
#4 E:\\CATO\\SEMESTRE 2019 01\\Nuevas Tecnicas de programación\\payfood\\vendor\\laravel\\framework\\src\\Illuminate\\Database\\Query\\Builder.php(2598): Illuminate\\Database\\Query\\Builder->Illuminate\\Database\\Query\\{closure}()
#5 E:\\CATO\\SEMESTRE 2019 01\\Nuevas Tecnicas de programación\\payfood\\vendor\\laravel\\framework\\src\\Illuminate\\Database\\Query\\Builder.php(2113): Illuminate\\Database\\Query\\Builder->onceWithColumns(Array, Object(Closure))
#6 E:\\CATO\\SEMESTRE 2019 01\\Nuevas Tecnicas de programación\\payfood\\vendor\\laravel\\framework\\src\\Illuminate\\Database\\Eloquent\\Builder.php(521): Illuminate\\Database\\Query\\Builder->get('id')
#7 E:\\CATO\\SEMESTRE 2019 01\\Nuevas Tecnicas de programación\\payfood\\vendor\\laravel\\framework\\src\\Illuminate\\Database\\Eloquent\\Builder.php(505): Illuminate\\Database\\Eloquent\\Builder->getModels('id')
#8 E:\\CATO\\SEMESTRE 2019 01\\Nuevas Tecnicas de programación\\payfood\\app\\Http\\Controllers\\platoController.php(28): Illuminate\\Database\\Eloquent\\Builder->get('id')
#9 [internal function]: App\\Http\\Controllers\\platoController->store(Object(Illuminate\\Http\\Request))
#10 E:\\CATO\\SEMESTRE 2019 01\\Nuevas Tecnicas de programación\\payfood\\vendor\\laravel\\framework\\src\\Illuminate\\Routing\\Controller.php(54): call_user_func_array(Array, Array)
#11 E:\\CATO\\SEMESTRE 2019 01\\Nuevas Tecnicas de programación\\payfood\\vendor\\laravel\\framework\\src\\Illuminate\\Routing\\ControllerDispatcher.php(45): Illuminate\\Routing\\Controller->callAction('store', Array)
#12 E:\\CATO\\SEMESTRE 2019 01\\Nuevas Tecnicas de programación\\payfood\\vendor\\laravel\\framework\\src\\Illuminate\\Routing\\Route.php(219): Illuminate\\Routing\\ControllerDispatcher->dispatch(Object(Illuminate\\Routing\\Route), Object(App\\Http\\Controllers\\platoController), 'store')
#13 E:\\CATO\\SEMESTRE 2019 01\\Nuevas Tecnicas de programación\\payfood\\vendor\\laravel\\framework\\src\\Illuminate\\Routing\\Route.php(176): Illuminate\\Routing\\Route->runController()
#14 E:\\CATO\\SEMESTRE 2019 01\\Nuevas Tecnicas de programación\\payfood\\vendor\\laravel\\framework\\src\\Illuminate\\Routing\\Router.php(680): Illuminate\\Routing\\Route->run()
#15 E:\\CATO\\SEMESTRE 2019 01\\Nuevas Tecnicas de programación\\payfood\\vendor\\laravel\\framework\\src\\Illuminate\\Routing\\Pipeline.php(30): Illuminate\\Routing\\Router->Illuminate\\Routing\\{closure}(Object(Illuminate\\Http\\Request))
#16 E:\\CATO\\SEMESTRE 2019 01\\Nuevas Tecnicas de programación\\payfood\\vendor\\laravel\\framework\\src\\Illuminate\\Routing\\Middleware\\SubstituteBindings.php(41): Illuminate\\Routing\\Pipeline->Illuminate\\Routing\\{closure}(Object(Illuminate\\Http\\Request))
#17 E:\\CATO\\SEMESTRE 2019 01\\Nuevas Tecnicas de programación\\payfood\\vendor\\laravel\\framework\\src\\Illuminate\\Pipeline\\Pipeline.php(163): Illuminate\\Routing\\Middleware\\SubstituteBindings->handle(Object(Illuminate\\Http\\Request), Object(Closure))
#18 E:\\CATO\\SEMESTRE 2019 01\\Nuevas Tecnicas de programación\\payfood\\vendor\\laravel\\framework\\src\\Illuminate\\Routing\\Pipeline.php(53): Illuminate\\Pipeline\\Pipeline->Illuminate\\Pipeline\\{closure}(Object(Illuminate\\Http\\Request))
#19 E:\\CATO\\SEMESTRE 2019 01\\Nuevas Tecnicas de programación\\payfood\\vendor\\laravel\\framework\\src\\Illuminate\\Foundation\\Http\\Middleware\\VerifyCsrfToken.php(75): Illuminate\\Routing\\Pipeline->Illuminate\\Routing\\{closure}(Object(Illuminate\\Http\\Request))
#20 E:\\CATO\\SEMESTRE 2019 01\\Nuevas Tecnicas de programación\\payfood\\vendor\\laravel\\framework\\src\\Illuminate\\Pipeline\\Pipeline.php(163): Illuminate\\Foundation\\Http\\Middleware\\VerifyCsrfToken->handle(Object(Illuminate\\Http\\Request), Object(Closure))
#21 E:\\CATO\\SEMESTRE 2019 01\\Nuevas Tecnicas de programación\\payfood\\vendor\\laravel\\framework\\src\\Illuminate\\Routing\\Pipeline.php(53): Illuminate\\Pipeline\\Pipeline->Illuminate\\Pipeline\\{closure}(Object(Illuminate\\Http\\Request))
#22 E:\\CATO\\SEMESTRE 2019 01\\Nuevas Tecnicas de programación\\payfood\\vendor\\laravel\\framework\\src\\Illuminate\\View\\Middleware\\ShareErrorsFromSession.php(49): Illuminate\\Routing\\Pipeline->Illuminate\\Routing\\{closure}(Object(Illuminate\\Http\\Request))
#23 E:\\CATO\\SEMESTRE 2019 01\\Nuevas Tecnicas de programación\\payfood\\vendor\\laravel\\framework\\src\\Illuminate\\Pipeline\\Pipeline.php(163): Illuminate\\View\\Middleware\\ShareErrorsFromSession->handle(Object(Illuminate\\Http\\Request), Object(Closure))
#24 E:\\CATO\\SEMESTRE 2019 01\\Nuevas Tecnicas de programación\\payfood\\vendor\\laravel\\framework\\src\\Illuminate\\Routing\\Pipeline.php(53): Illuminate\\Pipeline\\Pipeline->Illuminate\\Pipeline\\{closure}(Object(Illuminate\\Http\\Request))
#25 E:\\CATO\\SEMESTRE 2019 01\\Nuevas Tecnicas de programación\\payfood\\vendor\\laravel\\framework\\src\\Illuminate\\Session\\Middleware\\StartSession.php(56): Illuminate\\Routing\\Pipeline->Illuminate\\Routing\\{closure}(Object(Illuminate\\Http\\Request))
#26 E:\\CATO\\SEMESTRE 2019 01\\Nuevas Tecnicas de programación\\payfood\\vendor\\laravel\\framework\\src\\Illuminate\\Pipeline\\Pipeline.php(163): Illuminate\\Session\\Middleware\\StartSession->handle(Object(Illuminate\\Http\\Request), Object(Closure))
#27 E:\\CATO\\SEMESTRE 2019 01\\Nuevas Tecnicas de programación\\payfood\\vendor\\laravel\\framework\\src\\Illuminate\\Routing\\Pipeline.php(53): Illuminate\\Pipeline\\Pipeline->Illuminate\\Pipeline\\{closure}(Object(Illuminate\\Http\\Request))
#28 E:\\CATO\\SEMESTRE 2019 01\\Nuevas Tecnicas de programación\\payfood\\vendor\\laravel\\framework\\src\\Illuminate\\Cookie\\Middleware\\AddQueuedCookiesToResponse.php(37): Illuminate\\Routing\\Pipeline->Illuminate\\Routing\\{closure}(Object(Illuminate\\Http\\Request))
#29 E:\\CATO\\SEMESTRE 2019 01\\Nuevas Tecnicas de programación\\payfood\\vendor\\laravel\\framework\\src\\Illuminate\\Pipeline\\Pipeline.php(163): Illuminate\\Cookie\\Middleware\\AddQueuedCookiesToResponse->handle(Object(Illuminate\\Http\\Request), Object(Closure))
#30 E:\\CATO\\SEMESTRE 2019 01\\Nuevas Tecnicas de programación\\payfood\\vendor\\laravel\\framework\\src\\Illuminate\\Routing\\Pipeline.php(53): Illuminate\\Pipeline\\Pipeline->Illuminate\\Pipeline\\{closure}(Object(Illuminate\\Http\\Request))
#31 E:\\CATO\\SEMESTRE 2019 01\\Nuevas Tecnicas de programación\\payfood\\vendor\\laravel\\framework\\src\\Illuminate\\Cookie\\Middleware\\EncryptCookies.php(66): Illuminate\\Routing\\Pipeline->Illuminate\\Routing\\{closure}(Object(Illuminate\\Http\\Request))
#32 E:\\CATO\\SEMESTRE 2019 01\\Nuevas Tecnicas de programación\\payfood\\vendor\\laravel\\framework\\src\\Illuminate\\Pipeline\\Pipeline.php(163): Illuminate\\Cookie\\Middleware\\EncryptCookies->handle(Object(Illuminate\\Http\\Request), Object(Closure))
#33 E:\\CATO\\SEMESTRE 2019 01\\Nuevas Tecnicas de programación\\payfood\\vendor\\laravel\\framework\\src\\Illuminate\\Routing\\Pipeline.php(53): Illuminate\\Pipeline\\Pipeline->Illuminate\\Pipeline\\{closure}(Object(Illuminate\\Http\\Request))
#34 E:\\CATO\\SEMESTRE 2019 01\\Nuevas Tecnicas de programación\\payfood\\vendor\\laravel\\framework\\src\\Illuminate\\Pipeline\\Pipeline.php(104): Illuminate\\Routing\\Pipeline->Illuminate\\Routing\\{closure}(Object(Illuminate\\Http\\Request))
#35 E:\\CATO\\SEMESTRE 2019 01\\Nuevas Tecnicas de programación\\payfood\\vendor\\laravel\\framework\\src\\Illuminate\\Routing\\Router.php(682): Illuminate\\Pipeline\\Pipeline->then(Object(Closure))
#36 E:\\CATO\\SEMESTRE 2019 01\\Nuevas Tecnicas de programación\\payfood\\vendor\\laravel\\framework\\src\\Illuminate\\Routing\\Router.php(657): Illuminate\\Routing\\Router->runRouteWithinStack(Object(Illuminate\\Routing\\Route), Object(Illuminate\\Http\\Request))
#37 E:\\CATO\\SEMESTRE 2019 01\\Nuevas Tecnicas de programación\\payfood\\vendor\\laravel\\framework\\src\\Illuminate\\Routing\\Router.php(623): Illuminate\\Routing\\Router->runRoute(Object(Illuminate\\Http\\Request), Object(Illuminate\\Routing\\Route))
#38 E:\\CATO\\SEMESTRE 2019 01\\Nuevas Tecnicas de programación\\payfood\\vendor\\laravel\\framework\\src\\Illuminate\\Routing\\Router.php(612): Illuminate\\Routing\\Router->dispatchToRoute(Object(Illuminate\\Http\\Request))
#39 E:\\CATO\\SEMESTRE 2019 01\\Nuevas Tecnicas de programación\\payfood\\vendor\\laravel\\framework\\src\\Illuminate\\Foundation\\Http\\Kernel.php(176): Illuminate\\Routing\\Router->dispatch(Object(Illuminate\\Http\\Request))
#40 E:\\CATO\\SEMESTRE 2019 01\\Nuevas Tecnicas de programación\\payfood\\vendor\\laravel\\framework\\src\\Illuminate\\Routing\\Pipeline.php(30): Illuminate\\Foundation\\Http\\Kernel->Illuminate\\Foundation\\Http\\{closure}(Object(Illuminate\\Http\\Request))
#41 E:\\CATO\\SEMESTRE 2019 01\\Nuevas Tecnicas de programación\\payfood\\vendor\\fideloper\\proxy\\src\\TrustProxies.php(57): Illuminate\\Routing\\Pipeline->Illuminate\\Routing\\{closure}(Object(Illuminate\\Http\\Request))
#42 E:\\CATO\\SEMESTRE 2019 01\\Nuevas Tecnicas de programación\\payfood\\vendor\\laravel\\framework\\src\\Illuminate\\Pipeline\\Pipeline.php(163): Fideloper\\Proxy\\TrustProxies->handle(Object(Illuminate\\Http\\Request), Object(Closure))
#43 E:\\CATO\\SEMESTRE 2019 01\\Nuevas Tecnicas de programación\\payfood\\vendor\\laravel\\framework\\src\\Illuminate\\Routing\\Pipeline.php(53): Illuminate\\Pipeline\\Pipeline->Illuminate\\Pipeline\\{closure}(Object(Illuminate\\Http\\Request))
#44 E:\\CATO\\SEMESTRE 2019 01\\Nuevas Tecnicas de programación\\payfood\\vendor\\laravel\\framework\\src\\Illuminate\\Foundation\\Http\\Middleware\\TransformsRequest.php(21): Illuminate\\Routing\\Pipeline->Illuminate\\Routing\\{closure}(Object(Illuminate\\Http\\Request))
#45 E:\\CATO\\SEMESTRE 2019 01\\Nuevas Tecnicas de programación\\payfood\\vendor\\laravel\\framework\\src\\Illuminate\\Pipeline\\Pipeline.php(163): Illuminate\\Foundation\\Http\\Middleware\\TransformsRequest->handle(Object(Illuminate\\Http\\Request), Object(Closure))
#46 E:\\CATO\\SEMESTRE 2019 01\\Nuevas Tecnicas de programación\\payfood\\vendor\\laravel\\framework\\src\\Illuminate\\Routing\\Pipeline.php(53): Illuminate\\Pipeline\\Pipeline->Illuminate\\Pipeline\\{closure}(Object(Illuminate\\Http\\Request))
#47 E:\\CATO\\SEMESTRE 2019 01\\Nuevas Tecnicas de programación\\payfood\\vendor\\laravel\\framework\\src\\Illuminate\\Foundation\\Http\\Middleware\\TransformsRequest.php(21): Illuminate\\Routing\\Pipeline->Illuminate\\Routing\\{closure}(Object(Illuminate\\Http\\Request))
#48 E:\\CATO\\SEMESTRE 2019 01\\Nuevas Tecnicas de programación\\payfood\\vendor\\laravel\\framework\\src\\Illuminate\\Pipeline\\Pipeline.php(163): Illuminate\\Foundation\\Http\\Middleware\\TransformsRequest->handle(Object(Illuminate\\Http\\Request), Object(Closure))
#49 E:\\CATO\\SEMESTRE 2019 01\\Nuevas Tecnicas de programación\\payfood\\vendor\\laravel\\framework\\src\\Illuminate\\Routing\\Pipeline.php(53): Illuminate\\Pipeline\\Pipeline->Illuminate\\Pipeline\\{closure}(Object(Illuminate\\Http\\Request))
#50 E:\\CATO\\SEMESTRE 2019 01\\Nuevas Tecnicas de programación\\payfood\\vendor\\laravel\\framework\\src\\Illuminate\\Foundation\\Http\\Middleware\\ValidatePostSize.php(27): Illuminate\\Routing\\Pipeline->Illuminate\\Routing\\{closure}(Object(Illuminate\\Http\\Request))
#51 E:\\CATO\\SEMESTRE 2019 01\\Nuevas Tecnicas de programación\\payfood\\vendor\\laravel\\framework\\src\\Illuminate\\Pipeline\\Pipeline.php(163): Illuminate\\Foundation\\Http\\Middleware\\ValidatePostSize->handle(Object(Illuminate\\Http\\Request), Object(Closure))
#52 E:\\CATO\\SEMESTRE 2019 01\\Nuevas Tecnicas de programación\\payfood\\vendor\\laravel\\framework\\src\\Illuminate\\Routing\\Pipeline.php(53): Illuminate\\Pipeline\\Pipeline->Illuminate\\Pipeline\\{closure}(Object(Illuminate\\Http\\Request))
#53 E:\\CATO\\SEMESTRE 2019 01\\Nuevas Tecnicas de programación\\payfood\\vendor\\laravel\\framework\\src\\Illuminate\\Foundation\\Http\\Middleware\\CheckForMaintenanceMode.php(62): Illuminate\\Routing\\Pipeline->Illuminate\\Routing\\{closure}(Object(Illuminate\\Http\\Request))
#54 E:\\CATO\\SEMESTRE 2019 01\\Nuevas Tecnicas de programación\\payfood\\vendor\\laravel\\framework\\src\\Illuminate\\Pipeline\\Pipeline.php(163): Illuminate\\Foundation\\Http\\Middleware\\CheckForMaintenanceMode->handle(Object(Illuminate\\Http\\Request), Object(Closure))
#55 E:\\CATO\\SEMESTRE 2019 01\\Nuevas Tecnicas de programación\\payfood\\vendor\\laravel\\framework\\src\\Illuminate\\Routing\\Pipeline.php(53): Illuminate\\Pipeline\\Pipeline->Illuminate\\Pipeline\\{closure}(Object(Illuminate\\Http\\Request))
#56 E:\\CATO\\SEMESTRE 2019 01\\Nuevas Tecnicas de programación\\payfood\\vendor\\laravel\\framework\\src\\Illuminate\\Pipeline\\Pipeline.php(104): Illuminate\\Routing\\Pipeline->Illuminate\\Routing\\{closure}(Object(Illuminate\\Http\\Request))
#57 E:\\CATO\\SEMESTRE 2019 01\\Nuevas Tecnicas de programación\\payfood\\vendor\\laravel\\framework\\src\\Illuminate\\Foundation\\Http\\Kernel.php(151): Illuminate\\Pipeline\\Pipeline->then(Object(Closure))
#58 E:\\CATO\\SEMESTRE 2019 01\\Nuevas Tecnicas de programación\\payfood\\vendor\\laravel\\framework\\src\\Illuminate\\Foundation\\Http\\Kernel.php(116): Illuminate\\Foundation\\Http\\Kernel->sendRequestThroughRouter(Object(Illuminate\\Http\\Request))
#59 E:\\CATO\\SEMESTRE 2019 01\\Nuevas Tecnicas de programación\\payfood\\public\\index.php(55): Illuminate\\Foundation\\Http\\Kernel->handle(Object(Illuminate\\Http\\Request))
#60 E:\\CATO\\SEMESTRE 2019 01\\Nuevas Tecnicas de programación\\payfood\\server.php(21): require_once('E:\\\\CATO\\\\SEMESTR...')
#61 {main}
"} 
[2019-06-07 00:49:15] local.ERROR: Undefined variable: sub_path {"exception":"[object] (ErrorException(code: 0): Undefined variable: sub_path at E:\\CATO\\SEMESTRE 2019 01\\Nuevas Tecnicas de programación\\payfood\\app\\Http\\Controllers\\platoController.php:33)
[stacktrace]
#0 E:\\CATO\\SEMESTRE 2019 01\\Nuevas Tecnicas de programación\\payfood\\app\\Http\\Controllers\\platoController.php(33): Illuminate\\Foundation\\Bootstrap\\HandleExceptions->handleError(8, 'Undefined varia...', 'E:\\\\CATO\\\\SEMESTR...', 33, Array)
#1 [internal function]: App\\Http\\Controllers\\platoController->store(Object(Illuminate\\Http\\Request))
#2 E:\\CATO\\SEMESTRE 2019 01\\Nuevas Tecnicas de programación\\payfood\\vendor\\laravel\\framework\\src\\Illuminate\\Routing\\Controller.php(54): call_user_func_array(Array, Array)
#3 E:\\CATO\\SEMESTRE 2019 01\\Nuevas Tecnicas de programación\\payfood\\vendor\\laravel\\framework\\src\\Illuminate\\Routing\\ControllerDispatcher.php(45): Illuminate\\Routing\\Controller->callAction('store', Array)
#4 E:\\CATO\\SEMESTRE 2019 01\\Nuevas Tecnicas de programación\\payfood\\vendor\\laravel\\framework\\src\\Illuminate\\Routing\\Route.php(219): Illuminate\\Routing\\ControllerDispatcher->dispatch(Object(Illuminate\\Routing\\Route), Object(App\\Http\\Controllers\\platoController), 'store')
#5 E:\\CATO\\SEMESTRE 2019 01\\Nuevas Tecnicas de programación\\payfood\\vendor\\laravel\\framework\\src\\Illuminate\\Routing\\Route.php(176): Illuminate\\Routing\\Route->runController()
#6 E:\\CATO\\SEMESTRE 2019 01\\Nuevas Tecnicas de programación\\payfood\\vendor\\laravel\\framework\\src\\Illuminate\\Routing\\Router.php(680): Illuminate\\Routing\\Route->run()
#7 E:\\CATO\\SEMESTRE 2019 01\\Nuevas Tecnicas de programación\\payfood\\vendor\\laravel\\framework\\src\\Illuminate\\Routing\\Pipeline.php(30): Illuminate\\Routing\\Router->Illuminate\\Routing\\{closure}(Object(Illuminate\\Http\\Request))
#8 E:\\CATO\\SEMESTRE 2019 01\\Nuevas Tecnicas de programación\\payfood\\vendor\\laravel\\framework\\src\\Illuminate\\Routing\\Middleware\\SubstituteBindings.php(41): Illuminate\\Routing\\Pipeline->Illuminate\\Routing\\{closure}(Object(Illuminate\\Http\\Request))
#9 E:\\CATO\\SEMESTRE 2019 01\\Nuevas Tecnicas de programación\\payfood\\vendor\\laravel\\framework\\src\\Illuminate\\Pipeline\\Pipeline.php(163): Illuminate\\Routing\\Middleware\\SubstituteBindings->handle(Object(Illuminate\\Http\\Request), Object(Closure))
#10 E:\\CATO\\SEMESTRE 2019 01\\Nuevas Tecnicas de programación\\payfood\\vendor\\laravel\\framework\\src\\Illuminate\\Routing\\Pipeline.php(53): Illuminate\\Pipeline\\Pipeline->Illuminate\\Pipeline\\{closure}(Object(Illuminate\\Http\\Request))
#11 E:\\CATO\\SEMESTRE 2019 01\\Nuevas Tecnicas de programación\\payfood\\vendor\\laravel\\framework\\src\\Illuminate\\Foundation\\Http\\Middleware\\VerifyCsrfToken.php(75): Illuminate\\Routing\\Pipeline->Illuminate\\Routing\\{closure}(Object(Illuminate\\Http\\Request))
#12 E:\\CATO\\SEMESTRE 2019 01\\Nuevas Tecnicas de programación\\payfood\\vendor\\laravel\\framework\\src\\Illuminate\\Pipeline\\Pipeline.php(163): Illuminate\\Foundation\\Http\\Middleware\\VerifyCsrfToken->handle(Object(Illuminate\\Http\\Request), Object(Closure))
#13 E:\\CATO\\SEMESTRE 2019 01\\Nuevas Tecnicas de programación\\payfood\\vendor\\laravel\\framework\\src\\Illuminate\\Routing\\Pipeline.php(53): Illuminate\\Pipeline\\Pipeline->Illuminate\\Pipeline\\{closure}(Object(Illuminate\\Http\\Request))
#14 E:\\CATO\\SEMESTRE 2019 01\\Nuevas Tecnicas de programación\\payfood\\vendor\\laravel\\framework\\src\\Illuminate\\View\\Middleware\\ShareErrorsFromSession.php(49): Illuminate\\Routing\\Pipeline->Illuminate\\Routing\\{closure}(Object(Illuminate\\Http\\Request))
#15 E:\\CATO\\SEMESTRE 2019 01\\Nuevas Tecnicas de programación\\payfood\\vendor\\laravel\\framework\\src\\Illuminate\\Pipeline\\Pipeline.php(163): Illuminate\\View\\Middleware\\ShareErrorsFromSession->handle(Object(Illuminate\\Http\\Request), Object(Closure))
#16 E:\\CATO\\SEMESTRE 2019 01\\Nuevas Tecnicas de programación\\payfood\\vendor\\laravel\\framework\\src\\Illuminate\\Routing\\Pipeline.php(53): Illuminate\\Pipeline\\Pipeline->Illuminate\\Pipeline\\{closure}(Object(Illuminate\\Http\\Request))
#17 E:\\CATO\\SEMESTRE 2019 01\\Nuevas Tecnicas de programación\\payfood\\vendor\\laravel\\framework\\src\\Illuminate\\Session\\Middleware\\StartSession.php(56): Illuminate\\Routing\\Pipeline->Illuminate\\Routing\\{closure}(Object(Illuminate\\Http\\Request))
#18 E:\\CATO\\SEMESTRE 2019 01\\Nuevas Tecnicas de programación\\payfood\\vendor\\laravel\\framework\\src\\Illuminate\\Pipeline\\Pipeline.php(163): Illuminate\\Session\\Middleware\\StartSession->handle(Object(Illuminate\\Http\\Request), Object(Closure))
#19 E:\\CATO\\SEMESTRE 2019 01\\Nuevas Tecnicas de programación\\payfood\\vendor\\laravel\\framework\\src\\Illuminate\\Routing\\Pipeline.php(53): Illuminate\\Pipeline\\Pipeline->Illuminate\\Pipeline\\{closure}(Object(Illuminate\\Http\\Request))
#20 E:\\CATO\\SEMESTRE 2019 01\\Nuevas Tecnicas de programación\\payfood\\vendor\\laravel\\framework\\src\\Illuminate\\Cookie\\Middleware\\AddQueuedCookiesToResponse.php(37): Illuminate\\Routing\\Pipeline->Illuminate\\Routing\\{closure}(Object(Illuminate\\Http\\Request))
#21 E:\\CATO\\SEMESTRE 2019 01\\Nuevas Tecnicas de programación\\payfood\\vendor\\laravel\\framework\\src\\Illuminate\\Pipeline\\Pipeline.php(163): Illuminate\\Cookie\\Middleware\\AddQueuedCookiesToResponse->handle(Object(Illuminate\\Http\\Request), Object(Closure))
#22 E:\\CATO\\SEMESTRE 2019 01\\Nuevas Tecnicas de programación\\payfood\\vendor\\laravel\\framework\\src\\Illuminate\\Routing\\Pipeline.php(53): Illuminate\\Pipeline\\Pipeline->Illuminate\\Pipeline\\{closure}(Object(Illuminate\\Http\\Request))
#23 E:\\CATO\\SEMESTRE 2019 01\\Nuevas Tecnicas de programación\\payfood\\vendor\\laravel\\framework\\src\\Illuminate\\Cookie\\Middleware\\EncryptCookies.php(66): Illuminate\\Routing\\Pipeline->Illuminate\\Routing\\{closure}(Object(Illuminate\\Http\\Request))
#24 E:\\CATO\\SEMESTRE 2019 01\\Nuevas Tecnicas de programación\\payfood\\vendor\\laravel\\framework\\src\\Illuminate\\Pipeline\\Pipeline.php(163): Illuminate\\Cookie\\Middleware\\EncryptCookies->handle(Object(Illuminate\\Http\\Request), Object(Closure))
#25 E:\\CATO\\SEMESTRE 2019 01\\Nuevas Tecnicas de programación\\payfood\\vendor\\laravel\\framework\\src\\Illuminate\\Routing\\Pipeline.php(53): Illuminate\\Pipeline\\Pipeline->Illuminate\\Pipeline\\{closure}(Object(Illuminate\\Http\\Request))
#26 E:\\CATO\\SEMESTRE 2019 01\\Nuevas Tecnicas de programación\\payfood\\vendor\\laravel\\framework\\src\\Illuminate\\Pipeline\\Pipeline.php(104): Illuminate\\Routing\\Pipeline->Illuminate\\Routing\\{closure}(Object(Illuminate\\Http\\Request))
#27 E:\\CATO\\SEMESTRE 2019 01\\Nuevas Tecnicas de programación\\payfood\\vendor\\laravel\\framework\\src\\Illuminate\\Routing\\Router.php(682): Illuminate\\Pipeline\\Pipeline->then(Object(Closure))
#28 E:\\CATO\\SEMESTRE 2019 01\\Nuevas Tecnicas de programación\\payfood\\vendor\\laravel\\framework\\src\\Illuminate\\Routing\\Router.php(657): Illuminate\\Routing\\Router->runRouteWithinStack(Object(Illuminate\\Routing\\Route), Object(Illuminate\\Http\\Request))
#29 E:\\CATO\\SEMESTRE 2019 01\\Nuevas Tecnicas de programación\\payfood\\vendor\\laravel\\framework\\src\\Illuminate\\Routing\\Router.php(623): Illuminate\\Routing\\Router->runRoute(Object(Illuminate\\Http\\Request), Object(Illuminate\\Routing\\Route))
#30 E:\\CATO\\SEMESTRE 2019 01\\Nuevas Tecnicas de programación\\payfood\\vendor\\laravel\\framework\\src\\Illuminate\\Routing\\Router.php(612): Illuminate\\Routing\\Router->dispatchToRoute(Object(Illuminate\\Http\\Request))
#31 E:\\CATO\\SEMESTRE 2019 01\\Nuevas Tecnicas de programación\\payfood\\vendor\\laravel\\framework\\src\\Illuminate\\Foundation\\Http\\Kernel.php(176): Illuminate\\Routing\\Router->dispatch(Object(Illuminate\\Http\\Request))
#32 E:\\CATO\\SEMESTRE 2019 01\\Nuevas Tecnicas de programación\\payfood\\vendor\\laravel\\framework\\src\\Illuminate\\Routing\\Pipeline.php(30): Illuminate\\Foundation\\Http\\Kernel->Illuminate\\Foundation\\Http\\{closure}(Object(Illuminate\\Http\\Request))
#33 E:\\CATO\\SEMESTRE 2019 01\\Nuevas Tecnicas de programación\\payfood\\vendor\\fideloper\\proxy\\src\\TrustProxies.php(57): Illuminate\\Routing\\Pipeline->Illuminate\\Routing\\{closure}(Object(Illuminate\\Http\\Request))
#34 E:\\CATO\\SEMESTRE 2019 01\\Nuevas Tecnicas de programación\\payfood\\vendor\\laravel\\framework\\src\\Illuminate\\Pipeline\\Pipeline.php(163): Fideloper\\Proxy\\TrustProxies->handle(Object(Illuminate\\Http\\Request), Object(Closure))
#35 E:\\CATO\\SEMESTRE 2019 01\\Nuevas Tecnicas de programación\\payfood\\vendor\\laravel\\framework\\src\\Illuminate\\Routing\\Pipeline.php(53): Illuminate\\Pipeline\\Pipeline->Illuminate\\Pipeline\\{closure}(Object(Illuminate\\Http\\Request))
#36 E:\\CATO\\SEMESTRE 2019 01\\Nuevas Tecnicas de programación\\payfood\\vendor\\laravel\\framework\\src\\Illuminate\\Foundation\\Http\\Middleware\\TransformsRequest.php(21): Illuminate\\Routing\\Pipeline->Illuminate\\Routing\\{closure}(Object(Illuminate\\Http\\Request))
#37 E:\\CATO\\SEMESTRE 2019 01\\Nuevas Tecnicas de programación\\payfood\\vendor\\laravel\\framework\\src\\Illuminate\\Pipeline\\Pipeline.php(163): Illuminate\\Foundation\\Http\\Middleware\\TransformsRequest->handle(Object(Illuminate\\Http\\Request), Object(Closure))
#38 E:\\CATO\\SEMESTRE 2019 01\\Nuevas Tecnicas de programación\\payfood\\vendor\\laravel\\framework\\src\\Illuminate\\Routing\\Pipeline.php(53): Illuminate\\Pipeline\\Pipeline->Illuminate\\Pipeline\\{closure}(Object(Illuminate\\Http\\Request))
#39 E:\\CATO\\SEMESTRE 2019 01\\Nuevas Tecnicas de programación\\payfood\\vendor\\laravel\\framework\\src\\Illuminate\\Foundation\\Http\\Middleware\\TransformsRequest.php(21): Illuminate\\Routing\\Pipeline->Illuminate\\Routing\\{closure}(Object(Illuminate\\Http\\Request))
#40 E:\\CATO\\SEMESTRE 2019 01\\Nuevas Tecnicas de programación\\payfood\\vendor\\laravel\\framework\\src\\Illuminate\\Pipeline\\Pipeline.php(163): Illuminate\\Foundation\\Http\\Middleware\\TransformsRequest->handle(Object(Illuminate\\Http\\Request), Object(Closure))
#41 E:\\CATO\\SEMESTRE 2019 01\\Nuevas Tecnicas de programación\\payfood\\vendor\\laravel\\framework\\src\\Illuminate\\Routing\\Pipeline.php(53): Illuminate\\Pipeline\\Pipeline->Illuminate\\Pipeline\\{closure}(Object(Illuminate\\Http\\Request))
#42 E:\\CATO\\SEMESTRE 2019 01\\Nuevas Tecnicas de programación\\payfood\\vendor\\laravel\\framework\\src\\Illuminate\\Foundation\\Http\\Middleware\\ValidatePostSize.php(27): Illuminate\\Routing\\Pipeline->Illuminate\\Routing\\{closure}(Object(Illuminate\\Http\\Request))
#43 E:\\CATO\\SEMESTRE 2019 01\\Nuevas Tecnicas de programación\\payfood\\vendor\\laravel\\framework\\src\\Illuminate\\Pipeline\\Pipeline.php(163): Illuminate\\Foundation\\Http\\Middleware\\ValidatePostSize->handle(Object(Illuminate\\Http\\Request), Object(Closure))
#44 E:\\CATO\\SEMESTRE 2019 01\\Nuevas Tecnicas de programación\\payfood\\vendor\\laravel\\framework\\src\\Illuminate\\Routing\\Pipeline.php(53): Illuminate\\Pipeline\\Pipeline->Illuminate\\Pipeline\\{closure}(Object(Illuminate\\Http\\Request))
#45 E:\\CATO\\SEMESTRE 2019 01\\Nuevas Tecnicas de programación\\payfood\\vendor\\laravel\\framework\\src\\Illuminate\\Foundation\\Http\\Middleware\\CheckForMaintenanceMode.php(62): Illuminate\\Routing\\Pipeline->Illuminate\\Routing\\{closure}(Object(Illuminate\\Http\\Request))
#46 E:\\CATO\\SEMESTRE 2019 01\\Nuevas Tecnicas de programación\\payfood\\vendor\\laravel\\framework\\src\\Illuminate\\Pipeline\\Pipeline.php(163): Illuminate\\Foundation\\Http\\Middleware\\CheckForMaintenanceMode->handle(Object(Illuminate\\Http\\Request), Object(Closure))
#47 E:\\CATO\\SEMESTRE 2019 01\\Nuevas Tecnicas de programación\\payfood\\vendor\\laravel\\framework\\src\\Illuminate\\Routing\\Pipeline.php(53): Illuminate\\Pipeline\\Pipeline->Illuminate\\Pipeline\\{closure}(Object(Illuminate\\Http\\Request))
#48 E:\\CATO\\SEMESTRE 2019 01\\Nuevas Tecnicas de programación\\payfood\\vendor\\laravel\\framework\\src\\Illuminate\\Pipeline\\Pipeline.php(104): Illuminate\\Routing\\Pipeline->Illuminate\\Routing\\{closure}(Object(Illuminate\\Http\\Request))
#49 E:\\CATO\\SEMESTRE 2019 01\\Nuevas Tecnicas de programación\\payfood\\vendor\\laravel\\framework\\src\\Illuminate\\Foundation\\Http\\Kernel.php(151): Illuminate\\Pipeline\\Pipeline->then(Object(Closure))
#50 E:\\CATO\\SEMESTRE 2019 01\\Nuevas Tecnicas de programación\\payfood\\vendor\\laravel\\framework\\src\\Illuminate\\Foundation\\Http\\Kernel.php(116): Illuminate\\Foundation\\Http\\Kernel->sendRequestThroughRouter(Object(Illuminate\\Http\\Request))
#51 E:\\CATO\\SEMESTRE 2019 01\\Nuevas Tecnicas de programación\\payfood\\public\\index.php(55): Illuminate\\Foundation\\Http\\Kernel->handle(Object(Illuminate\\Http\\Request))
#52 E:\\CATO\\SEMESTRE 2019 01\\Nuevas Tecnicas de programación\\payfood\\server.php(21): require_once('E:\\\\CATO\\\\SEMESTR...')
#53 {main}
"} 
